Usage: ippeveprinter [options] "name"
Options:
--help                  Show program help
--no-web-forms          Disable web forms for media and supplies
--pam-service service   Use the named PAM service
--version               Show program version
-2                      Set 2-sided printing support (default=1-sided)
-A                      Enable authentication
-D device-uri           Set the device URI for the printer
-F output-type/subtype  Set the output format for the printer
-K keypath              Set location of server X.509 certificates and keys.
-M manufacturer         Set manufacturer name (default=Test)
-P filename.ppd         Load printer attributes from PPD file
-S filename.strings     Set strings file
-V version              Set default IPP version
-a filename.conf        Load printer attributes from conf file
-c command              Set print command
-d spool-directory      Set spool directory
-f type/subtype[,...]   Set supported file types
-i iconfile.png[,...]   Set icon file(s)
-k                      Keep job spool files
-l location             Set location of printer
-m model                Set model name (default=Printer)
-n hostname             Set hostname for printer
-p port                 Set port number for printer
-r subtype,[subtype]    Set DNS-SD service subtype
-s speed[,color-speed]  Set speed in pages per minute
-v                      Be verbose
