Couldn't open libEGL.so.1: libEGL.so.1: cannot open shared object file: No such file or directory
(EE) 
(EE) Backtrace:
(EE) 0: /usr/bin/Xwayland (0x55e76dfeb000+0x164fd9) [0x55e76e14ffd9]
(EE) 1: /usr/bin/Xwayland (0x55e76dfeb000+0x1650e2) [0x55e76e1500e2]
(EE) 2: /lib/x86_64-linux-gnu/libc.so.6 (0x7f7252a6f000+0x42520) [0x7f7252ab1520]
(EE) 3: /lib/x86_64-linux-gnu/libc.so.6 (pthread_kill+0x12c) [0x7f7252b05a7c]
(EE) 4: /lib/x86_64-linux-gnu/libc.so.6 (raise+0x16) [0x7f7252ab1476]
(EE) 5: /lib/x86_64-linux-gnu/libc.so.6 (abort+0xd3) [0x7f7252a977f3]
(EE) 6: /lib/x86_64-linux-gnu/libepoxy.so.0 (0x7f7252f8e000+0xc4b3a) [0x7f7253052b3a]
(EE) 7: /lib/x86_64-linux-gnu/libepoxy.so.0 (0x7f7252f8e000+0xc0b25) [0x7f725304eb25]
(EE) 8: /lib/x86_64-linux-gnu/libepoxy.so.0 (0x7f7252f8e000+0xc0cf0) [0x7f725304ecf0]
(EE) 9: /lib/x86_64-linux-gnu/libepoxy.so.0 (0x7f7252f8e000+0xc336f) [0x7f725305136f]
(EE) 10: /lib/x86_64-linux-gnu/libepoxy.so.0 (epoxy_has_egl_extension+0x1b) [0x7f725305337b]
(EE) 11: /usr/bin/Xwayland (0x55e76dfeb000+0x41443) [0x55e76e02c443]
(EE) 12: /usr/bin/Xwayland (0x55e76dfeb000+0x33bbd) [0x55e76e01ebbd]
(EE) 13: /lib/x86_64-linux-gnu/libc.so.6 (0x7f7252a6f000+0x29d90) [0x7f7252a98d90]
(EE) 14: /lib/x86_64-linux-gnu/libc.so.6 (__libc_start_main+0x80) [0x7f7252a98e40]
(EE) 15: /usr/bin/Xwayland (0x55e76dfeb000+0x364a5) [0x55e76e0214a5]
(EE) 
(EE) 
Fatal server error:
(EE) Caught signal 6 (Aborted). Server aborting
(EE) 
