Signing Tool 3.68.2 -a signing tool for jar files


Type signtool -H for more detailed descriptions

Usage:  signtool -k keyName [-b basename] [-c Compression Level]
		 [-d cert-dir] [-i installer script] [-m metafile] [-x name]
		 [-e extension] [-o] [-z] [-X] [--outfile] [--verbose value]
		 [--norecurse] [--leavearc] [-j directory] [-Z jarfile] [-O]
		 [-p password] directory-tree
	signtool -J -k keyName [-b basename] [-c Compression Level]
		 [-d cert-dir][-i installer script] [-m metafile] [-x name]
		 [-e extension] [-o] [-z] [-X] [--outfile] [--verbose value]
		 [--norecurse] [--leavearc] [-j directory] [-p password] [-O] 
		 directory-tree
	signtool -h 
	signtool -H 
	signtool -l [-k keyName] [-d cert-dir] [--outfile] [-O] 
	signtool -L [-k keyName] [-d cert-dir] [--outfile] [-O] 
	signtool -M [--outfile] [-O] 
	signtool -v [-d cert-dir] [--outfile] [-O] archive
	signtool -w [--outfile] [-O] archive
	signtool -G nickname [--keysize|-s size] [-t |--token tokenname]
		 [--outfile] [-O] 
	signtool -f filename
