/usr/bin/doveadm
/usr/bin/doveconf
/usr/lib/dovecot/aggregator
/usr/lib/dovecot/anvil
/usr/lib/dovecot/auth
/usr/lib/dovecot/checkpassword-reply
/usr/lib/dovecot/config
/usr/lib/dovecot/dict
/usr/lib/dovecot/director
/usr/lib/dovecot/dns-client
/usr/lib/dovecot/doveadm-server
/usr/lib/dovecot/dovecot-lda
/usr/lib/dovecot/gdbhelper
/usr/lib/dovecot/indexer
/usr/lib/dovecot/indexer-worker
/usr/lib/dovecot/ipc
/usr/lib/dovecot/log
/usr/lib/dovecot/maildirlock
/usr/lib/dovecot/old-stats
/usr/lib/dovecot/quota-status
/usr/lib/dovecot/rawlog
/usr/lib/dovecot/replicator
/usr/lib/dovecot/script
/usr/lib/dovecot/script-login
/usr/lib/dovecot/stats
/usr/lib/dovecot/tcpwrap
/usr/lib/dovecot/xml2text
/usr/sbin/dovecot
/usr/bin/dsync
/usr/lib/dovecot/deliver
