Usage: ctdb-path [<options>] <command> [<args>]

Help Options:
  -h, --help     Show this help message

Commands:
  config                    Get path of CTDB config file
  pidfile <daemon>          Get path of CTDB daemon pidfile
  socket <daemon>           Get path of CTDB daemon socket
  datadir append <path>     Get path relative to CTDB DATADIR
  datadir                   Get path of CTDB DATADIR
  etcdir append <path>      Get path relative to CTDB ETCDIR
  etcdir                    Get path of CTDB ETCDIR
  rundir append <path>      Get path relative to CTDB RUNDIR
  rundir                    Get path of CTDB RUNDIR
  vardir append <path>      Get path relative to CTDB VARDIR
  vardir                    Get path of CTDB VARDIR
Usage: ctdb-path [<options>] <command> [<args>]

Help Options:
  -h, --help     Show this help message

Commands:
  config                    Get path of CTDB config file
  pidfile <daemon>          Get path of CTDB daemon pidfile
  socket <daemon>           Get path of CTDB daemon socket
  datadir append <path>     Get path relative to CTDB DATADIR
  datadir                   Get path of CTDB DATADIR
  etcdir append <path>      Get path relative to CTDB ETCDIR
  etcdir                    Get path of CTDB ETCDIR
  rundir append <path>      Get path relative to CTDB RUNDIR
  rundir                    Get path of CTDB RUNDIR
  vardir append <path>      Get path relative to CTDB VARDIR
  vardir                    Get path of CTDB VARDIR
