Usage: elfedit <option(s)> elffile(s)
 Update the ELF header of ELF files
 The options are:
  --input-mach [none|i386|iamcu|l1om|k1om|x86_64]
                              Set input machine type
  --output-mach [none|i386|iamcu|l1om|k1om|x86_64]
                              Set output machine type
  --input-type [none|rel|exec|dyn]
                              Set input file type
  --output-type [none|rel|exec|dyn]
                              Set output file type
  --input-osabi [none|HPUX|NetBSD|GNU|Linux|Solaris|AIX|Irix|FreeBSD|TRU64|Modesto|OpenBSD|OpenVMS|NSK|AROS|FenixOS]
                              Set input OSABI
  --output-osabi [none|HPUX|NetBSD|GNU|Linux|Solaris|AIX|Irix|FreeBSD|TRU64|Modesto|OpenBSD|OpenVMS|NSK|AROS|FenixOS]
                              Set output OSABI
  --input-abiversion [0-255]  Set input ABIVERSION
  --output-abiversion [0-255] Set output ABIVERSION
  --enable-x86-feature [ibt|shstk|lam_u48|lam_u57]
                              Enable x86 feature
  --disable-x86-feature [ibt|shstk|lam_u48|lam_u57]
                              Disable x86 feature
  -h --help                   Display this information
  -v --version                Display the version number of elfedit
