Reading object files: {GC 1542k}  {heap 880k}
Reading the symbol table:
Merging declarations: {GC 1542k}  {heap 880k}
Reading summaries: <odr> {GC 1542k}  {heap 880k} <profile_estimate> {GC 1542k}  {heap 880k} <icf> {GC 1542k}  {heap 880k} <fnsummary> {GC 1545k}  {heap 880k} <pure-const> {GC 1545k}  {heap 880k} <modref> {GC 1545k}  {heap 880k} {GC 1545k} 
Merging symbols: {heap 880k}Reading function bodies:
Performing interprocedural optimizations
 <odr> {heap 880k} <whole-program> {heap 880k} <profile_estimate> {heap 880k} <icf> {heap 880k} <devirt> {heap 880k} <cp> {heap 880k} <cdtor> {heap 880k} <fnsummary> {heap 880k} <inline> {heap 880k} <pure-const> {heap 880k} <modref> {heap 880k} <free-fnsummary> {heap 880k} <static-var> {heap 880k} <single-use> {heap 880k} <comdats> {heap 880k}Assembling functions:

Time variable                                   usr           sys          wall           GGC
 phase setup                        :   0.01 ( 33%)   0.00 (  0%)   0.01 (  8%)  1617k (100%)
 phase parsing                      :   0.00 (  0%)   0.00 (  0%)   0.01 (  8%)     0  (  0%)
 phase opt and generate             :   0.01 ( 33%)   0.00 (  0%)   0.06 ( 50%)     0  (  0%)
 phase stream in                    :   0.01 ( 33%)   0.00 (  0%)   0.04 ( 33%)  3048  (  0%)
 dump files                         :   0.00 (  0%)   0.00 (  0%)   0.01 (  8%)     0  (  0%)
 callgraph optimization             :   0.01 ( 33%)   0.00 (  0%)   0.05 ( 42%)     0  (  0%)
 callgraph ipa passes               :   0.01 ( 33%)   0.00 (  0%)   0.06 ( 50%)     0  (  0%)
 ipa lto decl merge                 :   0.00 (  0%)   0.00 (  0%)   0.01 (  8%)   152  (  0%)
 ipa profile                        :   0.00 (  0%)   0.00 (  0%)   0.01 (  8%)     0  (  0%)
 ipa modref                         :   0.01 ( 33%)   0.00 (  0%)   0.00 (  0%)   368  (  0%)
 parser (global)                    :   0.00 (  0%)   0.00 (  0%)   0.01 (  8%)     0  (  0%)
 TOTAL                              :   0.03          0.00          0.12         1622k
