ibus-m17n-Message: 07:32:11.299: skipped m17n:zh:py since its rank is lower than 0
ibus-m17n-Message: 07:32:12.539: skipped m17n:ko:han2 since its rank is lower than 0
ibus-m17n-Message: 07:32:12.540: skipped m17n:ko:romaja since its rank is lower than 0

(ibus-engine-m17n:4079): IBUS-CRITICAL **: 07:32:12.843: ibus_factory_new: assertion 'G_IS_DBUS_CONNECTION (connection)' failed

(ibus-engine-m17n:4079): IBUS-CRITICAL **: 07:32:12.846: ibus_factory_add_engine: assertion 'IBUS_IS_FACTORY (factory)' failed

(ibus-engine-m17n:4079): IBUS-CRITICAL **: 07:32:12.848: ibus_factory_add_engine: assertion 'IBUS_IS_FACTORY (factory)' failed

(ibus-engine-m17n:4079): IBUS-CRITICAL **: 07:32:12.850: ibus_factory_add_engine: assertion 'IBUS_IS_FACTORY (factory)' failed

(ibus-engine-m17n:4079): IBUS-CRITICAL **: 07:32:12.852: ibus_factory_add_engine: assertion 'IBUS_IS_FACTORY (factory)' failed

(ibus-engine-m17n:4079): IBUS-CRITICAL **: 07:32:12.854: ibus_factory_add_engine: assertion 'IBUS_IS_FACTORY (factory)' failed

(ibus-engine-m17n:4079): IBUS-CRITICAL **: 07:32:12.856: ibus_factory_add_engine: assertion 'IBUS_IS_FACTORY (factory)' failed

(ibus-engine-m17n:4079): IBUS-CRITICAL **: 07:32:12.858: ibus_factory_add_engine: assertion 'IBUS_IS_FACTORY (factory)' failed

(ibus-engine-m17n:4079): IBUS-CRITICAL **: 07:32:12.859: ibus_factory_add_engine: assertion 'IBUS_IS_FACTORY (factory)' failed

(ibus-engine-m17n:4079): IBUS-CRITICAL **: 07:32:12.861: ibus_factory_add_engine: assertion 'IBUS_IS_FACTORY (factory)' failed

(ibus-engine-m17n:4079): IBUS-CRITICAL **: 07:32:12.863: ibus_factory_add_engine: assertion 'IBUS_IS_FACTORY (factory)' failed

(ibus-engine-m17n:4079): IBUS-CRITICAL **: 07:32:12.865: ibus_factory_add_engine: assertion 'IBUS_IS_FACTORY (factory)' failed

(ibus-engine-m17n:4079): IBUS-CRITICAL **: 07:32:12.866: ibus_factory_add_engine: assertion 'IBUS_IS_FACTORY (factory)' failed

(ibus-engine-m17n:4079): IBUS-CRITICAL **: 07:32:12.868: ibus_factory_add_engine: assertion 'IBUS_IS_FACTORY (factory)' failed

(ibus-engine-m17n:4079): IBUS-CRITICAL **: 07:32:12.870: ibus_factory_add_engine: assertion 'IBUS_IS_FACTORY (factory)' failed

(ibus-engine-m17n:4079): IBUS-CRITICAL **: 07:32:12.871: ibus_factory_add_engine: assertion 'IBUS_IS_FACTORY (factory)' failed

(ibus-engine-m17n:4079): IBUS-CRITICAL **: 07:32:12.873: ibus_factory_add_engine: assertion 'IBUS_IS_FACTORY (factory)' failed

(ibus-engine-m17n:4079): IBUS-CRITICAL **: 07:32:12.875: ibus_factory_add_engine: assertion 'IBUS_IS_FACTORY (factory)' failed

(ibus-engine-m17n:4079): IBUS-CRITICAL **: 07:32:12.876: ibus_factory_add_engine: assertion 'IBUS_IS_FACTORY (factory)' failed

(ibus-engine-m17n:4079): IBUS-CRITICAL **: 07:32:12.878: ibus_factory_add_engine: assertion 'IBUS_IS_FACTORY (factory)' failed

(ibus-engine-m17n:4079): IBUS-CRITICAL **: 07:32:12.880: ibus_factory_add_engine: assertion 'IBUS_IS_FACTORY (factory)' failed

(ibus-engine-m17n:4079): IBUS-CRITICAL **: 07:32:12.881: ibus_factory_add_engine: assertion 'IBUS_IS_FACTORY (factory)' failed

(ibus-engine-m17n:4079): IBUS-CRITICAL **: 07:32:12.883: ibus_factory_add_engine: assertion 'IBUS_IS_FACTORY (factory)' failed

(ibus-engine-m17n:4079): IBUS-CRITICAL **: 07:32:12.885: ibus_factory_add_engine: assertion 'IBUS_IS_FACTORY (factory)' failed

(ibus-engine-m17n:4079): IBUS-CRITICAL **: 07:32:12.886: ibus_factory_add_engine: assertion 'IBUS_IS_FACTORY (factory)' failed

(ibus-engine-m17n:4079): IBUS-CRITICAL **: 07:32:12.888: ibus_factory_add_engine: assertion 'IBUS_IS_FACTORY (factory)' failed

(ibus-engine-m17n:4079): IBUS-CRITICAL **: 07:32:12.889: ibus_factory_add_engine: assertion 'IBUS_IS_FACTORY (factory)' failed

(ibus-engine-m17n:4079): IBUS-CRITICAL **: 07:32:12.891: ibus_factory_add_engine: assertion 'IBUS_IS_FACTORY (factory)' failed

(ibus-engine-m17n:4079): IBUS-CRITICAL **: 07:32:12.893: ibus_factory_add_engine: assertion 'IBUS_IS_FACTORY (factory)' failed

(ibus-engine-m17n:4079): IBUS-CRITICAL **: 07:32:12.894: ibus_factory_add_engine: assertion 'IBUS_IS_FACTORY (factory)' failed

(ibus-engine-m17n:4079): IBUS-CRITICAL **: 07:32:12.896: ibus_factory_add_engine: assertion 'IBUS_IS_FACTORY (factory)' failed

(ibus-engine-m17n:4079): IBUS-CRITICAL **: 07:32:12.898: ibus_factory_add_engine: assertion 'IBUS_IS_FACTORY (factory)' failed

(ibus-engine-m17n:4079): IBUS-CRITICAL **: 07:32:12.899: ibus_factory_add_engine: assertion 'IBUS_IS_FACTORY (factory)' failed

(ibus-engine-m17n:4079): IBUS-CRITICAL **: 07:32:12.901: ibus_factory_add_engine: assertion 'IBUS_IS_FACTORY (factory)' failed

(ibus-engine-m17n:4079): IBUS-CRITICAL **: 07:32:12.903: ibus_factory_add_engine: assertion 'IBUS_IS_FACTORY (factory)' failed

(ibus-engine-m17n:4079): IBUS-CRITICAL **: 07:32:12.904: ibus_factory_add_engine: assertion 'IBUS_IS_FACTORY (factory)' failed

(ibus-engine-m17n:4079): IBUS-CRITICAL **: 07:32:12.906: ibus_factory_add_engine: assertion 'IBUS_IS_FACTORY (factory)' failed

(ibus-engine-m17n:4079): IBUS-CRITICAL **: 07:32:12.908: ibus_factory_add_engine: assertion 'IBUS_IS_FACTORY (factory)' failed

(ibus-engine-m17n:4079): IBUS-CRITICAL **: 07:32:12.909: ibus_factory_add_engine: assertion 'IBUS_IS_FACTORY (factory)' failed

(ibus-engine-m17n:4079): IBUS-CRITICAL **: 07:32:12.911: ibus_factory_add_engine: assertion 'IBUS_IS_FACTORY (factory)' failed

(ibus-engine-m17n:4079): IBUS-CRITICAL **: 07:32:12.913: ibus_factory_add_engine: assertion 'IBUS_IS_FACTORY (factory)' failed

(ibus-engine-m17n:4079): IBUS-CRITICAL **: 07:32:12.914: ibus_factory_add_engine: assertion 'IBUS_IS_FACTORY (factory)' failed

(ibus-engine-m17n:4079): IBUS-CRITICAL **: 07:32:12.916: ibus_factory_add_engine: assertion 'IBUS_IS_FACTORY (factory)' failed

(ibus-engine-m17n:4079): IBUS-CRITICAL **: 07:32:12.918: ibus_factory_add_engine: assertion 'IBUS_IS_FACTORY (factory)' failed

(ibus-engine-m17n:4079): IBUS-CRITICAL **: 07:32:12.919: ibus_factory_add_engine: assertion 'IBUS_IS_FACTORY (factory)' failed

(ibus-engine-m17n:4079): IBUS-CRITICAL **: 07:32:12.921: ibus_factory_add_engine: assertion 'IBUS_IS_FACTORY (factory)' failed

(ibus-engine-m17n:4079): IBUS-CRITICAL **: 07:32:12.923: ibus_factory_add_engine: assertion 'IBUS_IS_FACTORY (factory)' failed

(ibus-engine-m17n:4079): IBUS-CRITICAL **: 07:32:12.925: ibus_factory_add_engine: assertion 'IBUS_IS_FACTORY (factory)' failed

(ibus-engine-m17n:4079): IBUS-CRITICAL **: 07:32:12.926: ibus_factory_add_engine: assertion 'IBUS_IS_FACTORY (factory)' failed

(ibus-engine-m17n:4079): IBUS-CRITICAL **: 07:32:12.928: ibus_factory_add_engine: assertion 'IBUS_IS_FACTORY (factory)' failed

(ibus-engine-m17n:4079): IBUS-CRITICAL **: 07:32:12.929: ibus_factory_add_engine: assertion 'IBUS_IS_FACTORY (factory)' failed

(ibus-engine-m17n:4079): IBUS-CRITICAL **: 07:32:12.931: ibus_factory_add_engine: assertion 'IBUS_IS_FACTORY (factory)' failed

(ibus-engine-m17n:4079): IBUS-CRITICAL **: 07:32:12.933: ibus_factory_add_engine: assertion 'IBUS_IS_FACTORY (factory)' failed

(ibus-engine-m17n:4079): IBUS-CRITICAL **: 07:32:12.934: ibus_factory_add_engine: assertion 'IBUS_IS_FACTORY (factory)' failed

(ibus-engine-m17n:4079): IBUS-CRITICAL **: 07:32:12.936: ibus_factory_add_engine: assertion 'IBUS_IS_FACTORY (factory)' failed

(ibus-engine-m17n:4079): IBUS-CRITICAL **: 07:32:12.938: ibus_factory_add_engine: assertion 'IBUS_IS_FACTORY (factory)' failed

(ibus-engine-m17n:4079): IBUS-CRITICAL **: 07:32:12.939: ibus_factory_add_engine: assertion 'IBUS_IS_FACTORY (factory)' failed

(ibus-engine-m17n:4079): IBUS-CRITICAL **: 07:32:12.941: ibus_factory_add_engine: assertion 'IBUS_IS_FACTORY (factory)' failed

(ibus-engine-m17n:4079): IBUS-CRITICAL **: 07:32:12.943: ibus_factory_add_engine: assertion 'IBUS_IS_FACTORY (factory)' failed

(ibus-engine-m17n:4079): IBUS-CRITICAL **: 07:32:12.944: ibus_factory_add_engine: assertion 'IBUS_IS_FACTORY (factory)' failed

(ibus-engine-m17n:4079): IBUS-CRITICAL **: 07:32:12.946: ibus_factory_add_engine: assertion 'IBUS_IS_FACTORY (factory)' failed

(ibus-engine-m17n:4079): IBUS-CRITICAL **: 07:32:12.948: ibus_factory_add_engine: assertion 'IBUS_IS_FACTORY (factory)' failed

(ibus-engine-m17n:4079): IBUS-CRITICAL **: 07:32:12.949: ibus_factory_add_engine: assertion 'IBUS_IS_FACTORY (factory)' failed

(ibus-engine-m17n:4079): IBUS-CRITICAL **: 07:32:12.951: ibus_factory_add_engine: assertion 'IBUS_IS_FACTORY (factory)' failed

(ibus-engine-m17n:4079): IBUS-CRITICAL **: 07:32:12.953: ibus_factory_add_engine: assertion 'IBUS_IS_FACTORY (factory)' failed

(ibus-engine-m17n:4079): IBUS-CRITICAL **: 07:32:12.954: ibus_factory_add_engine: assertion 'IBUS_IS_FACTORY (factory)' failed

(ibus-engine-m17n:4079): IBUS-CRITICAL **: 07:32:12.956: ibus_factory_add_engine: assertion 'IBUS_IS_FACTORY (factory)' failed

(ibus-engine-m17n:4079): IBUS-CRITICAL **: 07:32:12.958: ibus_factory_add_engine: assertion 'IBUS_IS_FACTORY (factory)' failed

(ibus-engine-m17n:4079): IBUS-CRITICAL **: 07:32:12.959: ibus_factory_add_engine: assertion 'IBUS_IS_FACTORY (factory)' failed

(ibus-engine-m17n:4079): IBUS-CRITICAL **: 07:32:12.961: ibus_factory_add_engine: assertion 'IBUS_IS_FACTORY (factory)' failed

(ibus-engine-m17n:4079): IBUS-CRITICAL **: 07:32:12.963: ibus_factory_add_engine: assertion 'IBUS_IS_FACTORY (factory)' failed

(ibus-engine-m17n:4079): IBUS-CRITICAL **: 07:32:12.964: ibus_factory_add_engine: assertion 'IBUS_IS_FACTORY (factory)' failed

(ibus-engine-m17n:4079): IBUS-CRITICAL **: 07:32:12.966: ibus_factory_add_engine: assertion 'IBUS_IS_FACTORY (factory)' failed

(ibus-engine-m17n:4079): IBUS-CRITICAL **: 07:32:12.968: ibus_factory_add_engine: assertion 'IBUS_IS_FACTORY (factory)' failed

(ibus-engine-m17n:4079): IBUS-CRITICAL **: 07:32:12.970: ibus_factory_add_engine: assertion 'IBUS_IS_FACTORY (factory)' failed

(ibus-engine-m17n:4079): IBUS-CRITICAL **: 07:32:12.971: ibus_factory_add_engine: assertion 'IBUS_IS_FACTORY (factory)' failed

(ibus-engine-m17n:4079): IBUS-CRITICAL **: 07:32:12.973: ibus_factory_add_engine: assertion 'IBUS_IS_FACTORY (factory)' failed

(ibus-engine-m17n:4079): IBUS-CRITICAL **: 07:32:12.975: ibus_factory_add_engine: assertion 'IBUS_IS_FACTORY (factory)' failed

(ibus-engine-m17n:4079): IBUS-CRITICAL **: 07:32:12.976: ibus_factory_add_engine: assertion 'IBUS_IS_FACTORY (factory)' failed

(ibus-engine-m17n:4079): IBUS-CRITICAL **: 07:32:12.978: ibus_factory_add_engine: assertion 'IBUS_IS_FACTORY (factory)' failed

(ibus-engine-m17n:4079): IBUS-CRITICAL **: 07:32:12.980: ibus_factory_add_engine: assertion 'IBUS_IS_FACTORY (factory)' failed

(ibus-engine-m17n:4079): IBUS-CRITICAL **: 07:32:12.981: ibus_factory_add_engine: assertion 'IBUS_IS_FACTORY (factory)' failed

(ibus-engine-m17n:4079): IBUS-CRITICAL **: 07:32:12.983: ibus_factory_add_engine: assertion 'IBUS_IS_FACTORY (factory)' failed

(ibus-engine-m17n:4079): IBUS-CRITICAL **: 07:32:12.984: ibus_factory_add_engine: assertion 'IBUS_IS_FACTORY (factory)' failed

(ibus-engine-m17n:4079): IBUS-CRITICAL **: 07:32:12.986: ibus_factory_add_engine: assertion 'IBUS_IS_FACTORY (factory)' failed

(ibus-engine-m17n:4079): IBUS-CRITICAL **: 07:32:12.988: ibus_factory_add_engine: assertion 'IBUS_IS_FACTORY (factory)' failed

(ibus-engine-m17n:4079): IBUS-CRITICAL **: 07:32:12.989: ibus_factory_add_engine: assertion 'IBUS_IS_FACTORY (factory)' failed

(ibus-engine-m17n:4079): IBUS-CRITICAL **: 07:32:12.991: ibus_factory_add_engine: assertion 'IBUS_IS_FACTORY (factory)' failed

(ibus-engine-m17n:4079): IBUS-CRITICAL **: 07:32:12.993: ibus_factory_add_engine: assertion 'IBUS_IS_FACTORY (factory)' failed

(ibus-engine-m17n:4079): IBUS-CRITICAL **: 07:32:12.994: ibus_factory_add_engine: assertion 'IBUS_IS_FACTORY (factory)' failed

(ibus-engine-m17n:4079): IBUS-CRITICAL **: 07:32:12.996: ibus_factory_add_engine: assertion 'IBUS_IS_FACTORY (factory)' failed

(ibus-engine-m17n:4079): IBUS-CRITICAL **: 07:32:12.998: ibus_factory_add_engine: assertion 'IBUS_IS_FACTORY (factory)' failed

(ibus-engine-m17n:4079): IBUS-CRITICAL **: 07:32:12.999: ibus_factory_add_engine: assertion 'IBUS_IS_FACTORY (factory)' failed

(ibus-engine-m17n:4079): IBUS-CRITICAL **: 07:32:13.001: ibus_factory_add_engine: assertion 'IBUS_IS_FACTORY (factory)' failed

(ibus-engine-m17n:4079): IBUS-CRITICAL **: 07:32:13.003: ibus_factory_add_engine: assertion 'IBUS_IS_FACTORY (factory)' failed

(ibus-engine-m17n:4079): IBUS-CRITICAL **: 07:32:13.004: ibus_factory_add_engine: assertion 'IBUS_IS_FACTORY (factory)' failed

(ibus-engine-m17n:4079): IBUS-CRITICAL **: 07:32:13.006: ibus_factory_add_engine: assertion 'IBUS_IS_FACTORY (factory)' failed

(ibus-engine-m17n:4079): IBUS-CRITICAL **: 07:32:13.008: ibus_factory_add_engine: assertion 'IBUS_IS_FACTORY (factory)' failed

(ibus-engine-m17n:4079): IBUS-CRITICAL **: 07:32:13.009: ibus_factory_add_engine: assertion 'IBUS_IS_FACTORY (factory)' failed

(ibus-engine-m17n:4079): IBUS-CRITICAL **: 07:32:13.011: ibus_factory_add_engine: assertion 'IBUS_IS_FACTORY (factory)' failed

(ibus-engine-m17n:4079): IBUS-CRITICAL **: 07:32:13.012: ibus_factory_add_engine: assertion 'IBUS_IS_FACTORY (factory)' failed

(ibus-engine-m17n:4079): IBUS-CRITICAL **: 07:32:13.014: ibus_factory_add_engine: assertion 'IBUS_IS_FACTORY (factory)' failed

(ibus-engine-m17n:4079): IBUS-CRITICAL **: 07:32:13.016: ibus_factory_add_engine: assertion 'IBUS_IS_FACTORY (factory)' failed

(ibus-engine-m17n:4079): IBUS-CRITICAL **: 07:32:13.017: ibus_factory_add_engine: assertion 'IBUS_IS_FACTORY (factory)' failed

(ibus-engine-m17n:4079): IBUS-CRITICAL **: 07:32:13.019: ibus_factory_add_engine: assertion 'IBUS_IS_FACTORY (factory)' failed

(ibus-engine-m17n:4079): IBUS-CRITICAL **: 07:32:13.021: ibus_factory_add_engine: assertion 'IBUS_IS_FACTORY (factory)' failed

(ibus-engine-m17n:4079): IBUS-CRITICAL **: 07:32:13.022: ibus_factory_add_engine: assertion 'IBUS_IS_FACTORY (factory)' failed

(ibus-engine-m17n:4079): IBUS-CRITICAL **: 07:32:13.024: ibus_factory_add_engine: assertion 'IBUS_IS_FACTORY (factory)' failed

(ibus-engine-m17n:4079): IBUS-CRITICAL **: 07:32:13.026: ibus_factory_add_engine: assertion 'IBUS_IS_FACTORY (factory)' failed

(ibus-engine-m17n:4079): IBUS-CRITICAL **: 07:32:13.027: ibus_factory_add_engine: assertion 'IBUS_IS_FACTORY (factory)' failed

(ibus-engine-m17n:4079): IBUS-CRITICAL **: 07:32:13.029: ibus_factory_add_engine: assertion 'IBUS_IS_FACTORY (factory)' failed

(ibus-engine-m17n:4079): IBUS-CRITICAL **: 07:32:13.030: ibus_factory_add_engine: assertion 'IBUS_IS_FACTORY (factory)' failed

(ibus-engine-m17n:4079): IBUS-CRITICAL **: 07:32:13.032: ibus_factory_add_engine: assertion 'IBUS_IS_FACTORY (factory)' failed

(ibus-engine-m17n:4079): IBUS-CRITICAL **: 07:32:13.034: ibus_factory_add_engine: assertion 'IBUS_IS_FACTORY (factory)' failed

(ibus-engine-m17n:4079): IBUS-CRITICAL **: 07:32:13.035: ibus_factory_add_engine: assertion 'IBUS_IS_FACTORY (factory)' failed

(ibus-engine-m17n:4079): IBUS-CRITICAL **: 07:32:13.037: ibus_factory_add_engine: assertion 'IBUS_IS_FACTORY (factory)' failed

(ibus-engine-m17n:4079): IBUS-CRITICAL **: 07:32:13.039: ibus_factory_add_engine: assertion 'IBUS_IS_FACTORY (factory)' failed

(ibus-engine-m17n:4079): IBUS-CRITICAL **: 07:32:13.040: ibus_factory_add_engine: assertion 'IBUS_IS_FACTORY (factory)' failed

(ibus-engine-m17n:4079): IBUS-CRITICAL **: 07:32:13.042: ibus_factory_add_engine: assertion 'IBUS_IS_FACTORY (factory)' failed

(ibus-engine-m17n:4079): IBUS-CRITICAL **: 07:32:13.044: ibus_factory_add_engine: assertion 'IBUS_IS_FACTORY (factory)' failed

(ibus-engine-m17n:4079): IBUS-CRITICAL **: 07:32:13.045: ibus_factory_add_engine: assertion 'IBUS_IS_FACTORY (factory)' failed

(ibus-engine-m17n:4079): IBUS-CRITICAL **: 07:32:13.047: ibus_factory_add_engine: assertion 'IBUS_IS_FACTORY (factory)' failed

(ibus-engine-m17n:4079): IBUS-CRITICAL **: 07:32:13.048: ibus_factory_add_engine: assertion 'IBUS_IS_FACTORY (factory)' failed

(ibus-engine-m17n:4079): IBUS-CRITICAL **: 07:32:13.050: ibus_factory_add_engine: assertion 'IBUS_IS_FACTORY (factory)' failed

(ibus-engine-m17n:4079): IBUS-CRITICAL **: 07:32:13.052: ibus_factory_add_engine: assertion 'IBUS_IS_FACTORY (factory)' failed

(ibus-engine-m17n:4079): IBUS-CRITICAL **: 07:32:13.053: ibus_factory_add_engine: assertion 'IBUS_IS_FACTORY (factory)' failed

(ibus-engine-m17n:4079): IBUS-CRITICAL **: 07:32:13.055: ibus_factory_add_engine: assertion 'IBUS_IS_FACTORY (factory)' failed

(ibus-engine-m17n:4079): IBUS-CRITICAL **: 07:32:13.057: ibus_factory_add_engine: assertion 'IBUS_IS_FACTORY (factory)' failed

(ibus-engine-m17n:4079): IBUS-CRITICAL **: 07:32:13.058: ibus_factory_add_engine: assertion 'IBUS_IS_FACTORY (factory)' failed

(ibus-engine-m17n:4079): IBUS-CRITICAL **: 07:32:13.060: ibus_factory_add_engine: assertion 'IBUS_IS_FACTORY (factory)' failed

(ibus-engine-m17n:4079): IBUS-CRITICAL **: 07:32:13.062: ibus_factory_add_engine: assertion 'IBUS_IS_FACTORY (factory)' failed

(ibus-engine-m17n:4079): IBUS-CRITICAL **: 07:32:13.063: ibus_factory_add_engine: assertion 'IBUS_IS_FACTORY (factory)' failed

(ibus-engine-m17n:4079): IBUS-CRITICAL **: 07:32:13.065: ibus_factory_add_engine: assertion 'IBUS_IS_FACTORY (factory)' failed

(ibus-engine-m17n:4079): IBUS-CRITICAL **: 07:32:13.066: ibus_factory_add_engine: assertion 'IBUS_IS_FACTORY (factory)' failed

(ibus-engine-m17n:4079): IBUS-CRITICAL **: 07:32:13.068: ibus_factory_add_engine: assertion 'IBUS_IS_FACTORY (factory)' failed

(ibus-engine-m17n:4079): IBUS-CRITICAL **: 07:32:13.070: ibus_factory_add_engine: assertion 'IBUS_IS_FACTORY (factory)' failed

(ibus-engine-m17n:4079): IBUS-CRITICAL **: 07:32:13.071: ibus_factory_add_engine: assertion 'IBUS_IS_FACTORY (factory)' failed

(ibus-engine-m17n:4079): IBUS-CRITICAL **: 07:32:13.073: ibus_factory_add_engine: assertion 'IBUS_IS_FACTORY (factory)' failed

(ibus-engine-m17n:4079): IBUS-CRITICAL **: 07:32:13.075: ibus_factory_add_engine: assertion 'IBUS_IS_FACTORY (factory)' failed

(ibus-engine-m17n:4079): IBUS-CRITICAL **: 07:32:13.076: ibus_factory_add_engine: assertion 'IBUS_IS_FACTORY (factory)' failed

(ibus-engine-m17n:4079): IBUS-CRITICAL **: 07:32:13.078: ibus_factory_add_engine: assertion 'IBUS_IS_FACTORY (factory)' failed

(ibus-engine-m17n:4079): IBUS-CRITICAL **: 07:32:13.080: ibus_factory_add_engine: assertion 'IBUS_IS_FACTORY (factory)' failed

(ibus-engine-m17n:4079): IBUS-CRITICAL **: 07:32:13.081: ibus_factory_add_engine: assertion 'IBUS_IS_FACTORY (factory)' failed

(ibus-engine-m17n:4079): IBUS-CRITICAL **: 07:32:13.083: ibus_factory_add_engine: assertion 'IBUS_IS_FACTORY (factory)' failed

(ibus-engine-m17n:4079): IBUS-CRITICAL **: 07:32:13.084: ibus_factory_add_engine: assertion 'IBUS_IS_FACTORY (factory)' failed

(ibus-engine-m17n:4079): IBUS-CRITICAL **: 07:32:13.086: ibus_factory_add_engine: assertion 'IBUS_IS_FACTORY (factory)' failed

(ibus-engine-m17n:4079): IBUS-CRITICAL **: 07:32:13.088: ibus_factory_add_engine: assertion 'IBUS_IS_FACTORY (factory)' failed

(ibus-engine-m17n:4079): IBUS-CRITICAL **: 07:32:13.089: ibus_factory_add_engine: assertion 'IBUS_IS_FACTORY (factory)' failed

(ibus-engine-m17n:4079): IBUS-CRITICAL **: 07:32:13.091: ibus_factory_add_engine: assertion 'IBUS_IS_FACTORY (factory)' failed

(ibus-engine-m17n:4079): IBUS-CRITICAL **: 07:32:13.093: ibus_factory_add_engine: assertion 'IBUS_IS_FACTORY (factory)' failed

(ibus-engine-m17n:4079): IBUS-CRITICAL **: 07:32:13.094: ibus_factory_add_engine: assertion 'IBUS_IS_FACTORY (factory)' failed

(ibus-engine-m17n:4079): IBUS-CRITICAL **: 07:32:13.096: ibus_factory_add_engine: assertion 'IBUS_IS_FACTORY (factory)' failed

(ibus-engine-m17n:4079): IBUS-CRITICAL **: 07:32:13.098: ibus_factory_add_engine: assertion 'IBUS_IS_FACTORY (factory)' failed

(ibus-engine-m17n:4079): IBUS-CRITICAL **: 07:32:13.099: ibus_factory_add_engine: assertion 'IBUS_IS_FACTORY (factory)' failed

(ibus-engine-m17n:4079): IBUS-CRITICAL **: 07:32:13.105: ibus_bus_call_sync: assertion 'ibus_bus_is_connected (bus)' failed
