missing command
usage: zpool command args ...
where 'command' is one of the following:

	version

	create [-fnd] [-o property=value] ... 
	    [-O file-system-property=value] ... 
	    [-m mountpoint] [-R root] <pool> <vdev> ...
	destroy [-f] <pool>

	add [-fgLnP] [-o property=value] <pool> <vdev> ...
	remove [-npsw] <pool> <device> ...

	labelclear [-f] <vdev>

	checkpoint [-d [-w]] <pool> ...

	list [-gHLpPv] [-o property[,...]] [-T d|u] [pool] ... 
	    [interval [count]]
	iostat [[[-c [script1,script2,...][-lq]]|[-rw]] [-T d | u] [-ghHLpPvy]
	    [[pool ...]|[pool vdev ...]|[vdev ...]] [[-n] interval [count]]
	status [-c [script1,script2,...]] [-igLpPstvxD]  [-T d|u] [pool] ... 
	    [interval [count]]

	online [-e] <pool> <device> ...
	offline [-f] [-t] <pool> <device> ...
	clear [-nF] <pool> [device]
	reopen [-n] <pool>

	attach [-fsw] [-o property=value] <pool> <device> <new-device>
	detach <pool> <device>
	replace [-fsw] [-o property=value] <pool> <device> [new-device]
	split [-gLnPl] [-R altroot] [-o mntopts]
	    [-o property=value] <pool> <newpool> [<device> ...]

	initialize [-c | -s] [-w] <pool> [<device> ...]
	resilver <pool> ...
	scrub [-s | -p] [-w] <pool> ...
	trim [-dw] [-r <rate>] [-c | -s] <pool> [<device> ...]

	import [-d dir] [-D]
	import [-o mntopts] [-o property=value] ... 
	    [-d dir | -c cachefile] [-D] [-l] [-f] [-m] [-N] [-R root] [-F [-n]] -a
	import [-o mntopts] [-o property=value] ... 
	    [-d dir | -c cachefile] [-D] [-l] [-f] [-m] [-N] [-R root] [-F [-n]]
	    [--rewind-to-checkpoint] <pool | id> [newpool]
	export [-af] <pool> ...
	upgrade
	upgrade -v
	upgrade [-V version] <-a | pool ...>
	reguid <pool>

	history [-il] [<pool>] ...
	events [-vHf [pool] | -c]

	get [-Hp] [-o "all" | field[,...]] <"all" | property[,...]> <pool> ...
	set <property=value> <pool> 
	sync [pool] ...

	wait [-Hp] [-T d|u] [-t <activity>[,...]] <pool> [interval]
