Usage: cryptsetup [-?Vqrvy] [-?|--help] [--usage] [-V|--version]
        [--active-name=STRING] [--align-payload=SECTORS] [--allow-discards]
        [-q|--batch-mode] [--cancel-deferred] [-c|--cipher=STRING] [--debug]
        [--debug-json] [--deferred] [--device-size=bytes] [--decrypt]
        [--disable-external-tokens] [--disable-keyring] [--disable-locks]
        [--disable-veracrypt] [--dump-json-metadata] [--dump-master-key]
        [--encrypt] [--force-password] [-h|--hash=STRING] [--header=STRING]
        [--header-backup-file=STRING] [--hotzone-size=bytes] [--init-only]
        [-I|--integrity=STRING] [--integrity-legacy-padding]
        [--integrity-no-journal] [--integrity-no-wipe] [-i|--iter-time=msecs]
        [--iv-large-sectors] [--json-file=STRING] [--key-description=STRING]
        [-d|--key-file=STRING] [-s|--key-size=BITS] [-S|--key-slot=INT]
        [--keyfile-offset=bytes] [-l|--keyfile-size=bytes]
        [--keyslot-cipher=STRING] [--keyslot-key-size=BITS] [--label=STRING]
        [--luks2-keyslots-size=bytes] [--luks2-metadata-size=bytes]
        [--master-key-file=STRING] [--new-keyfile-offset=bytes]
        [--new-keyfile-size=bytes] [-o|--offset=SECTORS] [--pbkdf=STRING]
        [--pbkdf-force-iterations=LONG] [--pbkdf-memory=kilobytes]
        [--pbkdf-parallel=threads] [--perf-no_read_workqueue]
        [--perf-no_write_workqueue] [--perf-same_cpu_crypt]
        [--perf-submit_from_crypt_cpus] [--persistent] [--priority=STRING]
        [--progress-frequency=secs] [-r|--readonly]
        [--reduce-device-size=bytes] [--refresh] [--resilience=STRING]
        [--resilience-hash=STRING] [--resume-only] [--sector-size=INT]
        [--serialize-memory-hard-pbkdf] [--shared] [-b|--size=SECTORS]
        [-p|--skip=SECTORS] [--subsystem=STRING] [--tcrypt-backup]
        [--tcrypt-hidden] [--tcrypt-system] [--test-args]
        [--test-passphrase] [-t|--timeout=secs] [--token-id=INT]
        [--token-only] [--token-type=STRING] [-T|--tries=INT]
        [-M|--type=STRING] [--unbound] [--use-random] [--use-urandom]
        [--uuid=STRING] [--veracrypt] [--veracrypt-pim=INT]
        [--veracrypt-query-pim] [-v|--verbose] [-y|--verify-passphrase]
        [OPTION...] <action> <action-specific>
/sbin/cryptsetup: Argument <action> missing.
