Reading object files: {GC 1145k}  {heap 876k}
Reading the symbol table:
Merging declarations: {GC 1145k}  {heap 876k}
Reading summaries: <odr> {GC 1145k}  {heap 876k} <profile_estimate> {GC 1145k}  {heap 876k} <icf> {GC 1145k}  {heap 876k} <fnsummary> {GC 1148k}  {heap 876k} <pure-const> {GC 1148k}  {heap 876k} <modref> {GC 1148k}  {heap 876k} {GC 1148k} 
Merging symbols: {heap 876k}Reading function bodies:
Performing interprocedural optimizations
 <odr> {heap 876k} <whole-program> {heap 876k} <profile_estimate> {heap 876k} <icf> {heap 876k} <devirt> {heap 876k} <cp> {heap 876k} <cdtor> {heap 876k} <fnsummary> {heap 876k} <inline> {heap 876k} <pure-const> {heap 876k} <modref> {heap 876k} <free-fnsummary> {heap 876k} <static-var> {heap 876k} <single-use> {heap 876k} <comdats> {heap 876k}Assembling functions:

Time variable                                   usr           sys          wall           GGC
 phase setup                        :   0.00 (  0%)   0.00 (  0%)   0.00 (  0%)  1172k (100%)
 phase opt and generate             :   0.00 (  0%)   0.02 ( 67%)   0.07 ( 64%)     0  (  0%)
 phase stream in                    :   0.00 (  0%)   0.01 ( 33%)   0.04 ( 36%)  3048  (  0%)
 dump files                         :   0.00 (  0%)   0.01 ( 33%)   0.00 (  0%)     0  (  0%)
 callgraph optimization             :   0.00 (  0%)   0.01 ( 33%)   0.06 ( 55%)     0  (  0%)
 callgraph functions expansion      :   0.00 (  0%)   0.00 (  0%)   0.01 (  9%)     0  (  0%)
 callgraph ipa passes               :   0.00 (  0%)   0.02 ( 67%)   0.05 ( 45%)     0  (  0%)
 ipa function summary               :   0.00 (  0%)   0.00 (  0%)   0.01 (  9%)  2512  (  0%)
 ipa lto decl in                    :   0.00 (  0%)   0.00 (  0%)   0.01 (  9%)    16  (  0%)
 ipa profile                        :   0.00 (  0%)   0.00 (  0%)   0.01 (  9%)     0  (  0%)
 ipa modref                         :   0.00 (  0%)   0.00 (  0%)   0.01 (  9%)   368  (  0%)
 TOTAL                              :   0.00          0.03          0.11         1178k
