Device argument is missing
Usage : for recovering the updates committed by Windows :
        ntfsrecover partition
                (e.g. ntfsrecover /dev/sda1)
Advanced : ntfsrecover [-b] [-c first-last] [-i] [-f] [-n] [-p count]
                    [-r first-last] [-t] [-u count] [-v] partition
	   -b : show the full log backward
	   -c : restrict to the actions related to cluster range
	   -i : show invalid (stale) records
	   -f : show the full log forward
	   -h : show this help information
	   -k : kill fast restart data
	   -n : do not apply any modification
	   -p : undo the latest count transaction sets and play one
	   -r : show a range of log blocks forward
	   -s : sync the committed changes (default)
	   -t : show transactions
	   -u : undo the latest count transaction sets
	   -v : show more information (-vv yet more)
	   -V : show version and exit
