
Usage: ntfswipe [options] device
    -i       --info        Show volume information (default)

    -d       --directory   Wipe directory indexes
    -l       --logfile     Wipe the logfile (journal)
    -m       --mft         Wipe mft space
    -p       --pagefile    Wipe pagefile (swap space)
    -t       --tails       Wipe file tails
    -u       --unused      Wipe unused clusters
    -U       --unused-fast Wipe unused clusters (fast)
    -s       --undel       Wipe undelete data

    -a       --all         Wipe all unused space

    -c num   --count num   Number of times to write(default = 1)
    -b list  --bytes list  List of values to write(default = 0)

    -n       --no-action   Do not write to disk
    -f       --force       Use less caution
    -q       --quiet       Less output
    -v       --verbose     More output
    -V       --version     Version information
    -h       --help        Print this help

Developers' email address: ntfs-3g-devel@lists.sf.net
News, support and information:  https://github.com/tuxera/ntfs-3g/

