<stdin>:1: keyword "msgunfmt" unknown
<stdin>:1:1: syntax error
<stdin>:2: keyword "usr" unknown
<stdin>:2: keyword "bin" unknown
<stdin>:2: keyword "msguniq" unknown
<stdin>:3: keyword "usr" unknown
<stdin>:3: keyword "bin" unknown
<stdin>:3: keyword "recode" unknown
<stdin>:3: keyword "sr" unknown
<stdin>:3: keyword "latin" unknown
<stdin>:4: keyword "usr" unknown
<stdin>:4: keyword "bin" unknown
<stdin>:4: keyword "xgettext" unknown
<stdin>:5: keyword "usr" unknown
<stdin>:5: keyword "lib" unknown
<stdin>:5: keyword "x86_64" unknown
<stdin>:5: keyword "linux" unknown
<stdin>:5: keyword "gnu" unknown
<stdin>:5: keyword "gettext" unknown
<stdin>:5: keyword "cldr" unknown
/usr/bin/msggrep: too many errors, aborting
