<stdin>:1:2: syntax error
<stdin>:1: keyword "usr" unknown
<stdin>:1: keyword "bin" unknown
<stdin>:1: keyword "msgattrib" unknown
<stdin>:2: keyword "usr" unknown
<stdin>:2: keyword "bin" unknown
<stdin>:2: keyword "msgcat" unknown
<stdin>:3: keyword "usr" unknown
<stdin>:3: keyword "bin" unknown
<stdin>:3: keyword "msgcmp" unknown
<stdin>:4: keyword "usr" unknown
<stdin>:4: keyword "bin" unknown
<stdin>:4: keyword "msgcomm" unknown
<stdin>:5: keyword "usr" unknown
<stdin>:5: keyword "bin" unknown
<stdin>:5: keyword "msgconv" unknown
<stdin>:6: keyword "usr" unknown
<stdin>:6: keyword "bin" unknown
<stdin>:6: keyword "msgen" unknown
<stdin>:7: keyword "usr" unknown
/usr/bin/msgattrib: too many errors, aborting
