<stdin>:1: keyword "bin" unknown
<stdin>:1:4: syntax error
<stdin>:1: keyword "msgexec" unknown
<stdin>:2: keyword "usr" unknown
<stdin>:2: keyword "bin" unknown
<stdin>:2: keyword "msgfilter" unknown
<stdin>:3: keyword "usr" unknown
<stdin>:3: keyword "bin" unknown
<stdin>:3: keyword "msgfmt" unknown
<stdin>:4: keyword "usr" unknown
<stdin>:4: keyword "bin" unknown
<stdin>:4: keyword "msggrep" unknown
<stdin>:5: keyword "usr" unknown
<stdin>:5: keyword "bin" unknown
<stdin>:5: keyword "msginit" unknown
<stdin>:6: keyword "usr" unknown
<stdin>:6: keyword "bin" unknown
<stdin>:6: keyword "msgmerge" unknown
<stdin>:7: keyword "usr" unknown
<stdin>:7: keyword "bin" unknown
/usr/bin/msgconv: too many errors, aborting
