# Unsupported legacy command: /usr/bin/grub-editenv

# Unsupported legacy command: /usr/bin/grub-file

# Unsupported legacy command: /usr/bin/grub-fstest

# Unsupported legacy command: /usr/bin/grub-glue-efi

# Unsupported legacy command: /usr/bin/grub-menulst2cfg

# Unsupported legacy command: /usr/bin/grub-mkfont

# Unsupported legacy command: /usr/bin/grub-mkimage

# Unsupported legacy command: /usr/bin/grub-mklayout

# Unsupported legacy command: /usr/bin/grub-mknetdir

# Unsupported legacy command: /usr/bin/grub-mkpasswd-pbkdf2

# Unsupported legacy command: /usr/bin/grub-mkrelpath

# Unsupported legacy command: /usr/bin/grub-mkrescue

# Unsupported legacy command: /usr/bin/grub-mkstandalone

# Unsupported legacy command: /usr/bin/grub-mount

# Unsupported legacy command: /usr/bin/grub-render-label

# Unsupported legacy command: /usr/bin/grub-script-check

# Unsupported legacy command: /usr/bin/grub-syslinux2cfg

# Unsupported legacy command: /usr/sbin/grub-macbless

# Unsupported legacy command: /usr/sbin/grub-mkdevicemap

# Unsupported legacy command: /usr/sbin/grub-probe

