debugfs 1.46.5 (30-Dec-2021)
debugfs: Unknown request "/sbin/badblocks".  Type "?" for a request list.
debugfs: Unknown request "/sbin/debugfs".  Type "?" for a request list.
debugfs: Unknown request "/sbin/dumpe2fs".  Type "?" for a request list.
debugfs: Unknown request "/sbin/e2fsck".  Type "?" for a request list.
debugfs: Unknown request "/sbin/e2image".  Type "?" for a request list.
debugfs: Unknown request "/sbin/e2undo".  Type "?" for a request list.
debugfs: Unknown request "/sbin/mke2fs".  Type "?" for a request list.
debugfs: Unknown request "/sbin/resize2fs".  Type "?" for a request list.
debugfs: Unknown request "/sbin/tune2fs".  Type "?" for a request list.
debugfs: Unknown request "/usr/bin/chattr".  Type "?" for a request list.
debugfs: Unknown request "/usr/bin/lsattr".  Type "?" for a request list.
debugfs: Unknown request "/usr/sbin/e2freefrag".  Type "?" for a request list.
debugfs: Unknown request "/usr/sbin/e4crypt".  Type "?" for a request list.
debugfs: Unknown request "/usr/sbin/e4defrag".  Type "?" for a request list.
debugfs: Unknown request "/usr/sbin/filefrag".  Type "?" for a request list.
debugfs: Unknown request "/usr/sbin/mklost+found".  Type "?" for a request list.
debugfs: Unknown request "/sbin/e2label".  Type "?" for a request list.
debugfs: Unknown request "/sbin/e2mmpstatus".  Type "?" for a request list.
debugfs: Unknown request "/sbin/fsck.ext2".  Type "?" for a request list.
debugfs: Unknown request "/sbin/fsck.ext3".  Type "?" for a request list.
debugfs: Unknown request "/sbin/fsck.ext4".  Type "?" for a request list.
debugfs: Unknown request "/sbin/mkfs.ext2".  Type "?" for a request list.
debugfs: Unknown request "/sbin/mkfs.ext3".  Type "?" for a request list.
debugfs: Unknown request "/sbin/mkfs.ext4".  Type "?" for a request list.
