Content-Type: text/html

<!DOCTYPE HTML PUBLIC "-//W3C//DTD HTML 4.01 Transitional//EN" "http://www.w3.org/TR/html4/loose.dtd">
<HTML><HEAD><TITLE>Cache Manager Interface</TITLE>
<STYLE type="text/css"><!--BODY{background-color:#ffffff;font-family:verdana,sans-serif}--></STYLE>
<script type="text/javascript">
function TS(t, s) {
 var x = new XMLHttpRequest();
 x.open('GET', 'http' + s + '://' + t + '/squid-internal-mgr/', true);
 x.onreadystatechange=function() {
  if (x.readyState==4) {
   if ((x.status>=200 && x.status <= 299) || x.status==401) {
    var v = x.getResponseHeader('Server');
    if (v.substring(0,8) == 'squid/3.' && (v[8]=='H' || parseInt(v.substring(8)) >= 2)) {
     var d = document.getElementById('H' + s + 'mgr');
     if (d.innerHTML == '') d.innerHTML = '<h2>HTTP' + (s=='s'?'S':'') + ' Managed Proxies</h2>';
     d.innerHTML = d.innerHTML + '<p>Host: <a href="http' + s + '://' + t + '/squid-internal-mgr/">' + t + '</a></p>';
 }}}}
 x.send(null);
}
</script>
</HEAD>
<BODY><H1>Cache Manager Interface</H1>
<P>This is a WWW interface to the instrumentation interface
for the Squid object cache.</P>
<HR noshade size="1px">
<div id="Hsmgr"></div>
<div id="Hmgr"></div>
<div id="Cmgr">
<h2>CGI Managed Proxies</h2>
<FORM METHOD="POST" ACTION="/cgi-bin/cachemgr.cgi">
<TABLE BORDER="0" CELLPADDING="10" CELLSPACING="1">
<TR><TH ALIGN="left">Cache Server:</TH><TD><SELECT id="server" NAME="server">
<OPTION VALUE="localhost" SELECTED>localhost</OPTION>
</SELECT></TR>
<TR><TH ALIGN="left">Manager name:</TH><TD><INPUT NAME="user_name" size="30" VALUE=""></TD></TR>
<TR><TH ALIGN="left">Password:</TH><TD><INPUT TYPE="password" NAME="passwd" size="30" VALUE=""></TD></TR>
</TABLE><BR CLEAR="all">
<INPUT TYPE="submit" VALUE="Continue...">
</FORM></div>
<script type="text/javascript">
var s = document.getElementById("server");
for (var i = 0; i < s.childElementCount; i++) {
 TS(s.children[i].value, '');
 TS(s.children[i].value, 's');
}</script>
<HR noshade size="1px">
<ADDRESS>
Generated Tue, 19 Jul 2022 03:56:01 GMT, by cachemgr.cgi/5.2@7c8b0206b967
</ADDRESS></BODY></HTML>
