+ /etc/fonts/conf.d/10-antialias.conf: No description
+ /etc/fonts/conf.d/10-hinting-slight.conf: Set hintslight to hintstyle
+ /etc/fonts/conf.d/10-scale-bitmap-fonts.conf: Bitmap scaling
+ /etc/fonts/conf.d/11-lcdfilter-default.conf: Use lcddefault as default for LCD filter
+ /etc/fonts/conf.d/20-unhint-small-dejavu-lgc-sans-mono.conf: No description
+ /etc/fonts/conf.d/20-unhint-small-dejavu-lgc-sans.conf: No description
+ /etc/fonts/conf.d/20-unhint-small-dejavu-lgc-serif.conf: No description
+ /etc/fonts/conf.d/20-unhint-small-dejavu-sans-mono.conf: No description
+ /etc/fonts/conf.d/20-unhint-small-dejavu-sans.conf: No description
+ /etc/fonts/conf.d/20-unhint-small-dejavu-serif.conf: No description
+ /etc/fonts/conf.d/20-unhint-small-vera.conf: Disable hinting for Bitstream Vera fonts when the size is less than 8ppem
+ /etc/fonts/conf.d/30-metric-aliases.conf: Set substitutions for similar/metric-compatible families
+ /etc/fonts/conf.d/40-nonlatin.conf: Set substitutions for non-Latin fonts
+ /etc/fonts/conf.d/45-generic.conf: Set substitutions for emoji/math fonts
+ /etc/fonts/conf.d/45-latin.conf: Set substitutions for Latin fonts
+ /etc/fonts/conf.d/49-sansserif.conf: Add sans-serif to the family when no generic name
+ /etc/fonts/conf.d/50-user.conf: Load per-user customization files
+ /etc/fonts/conf.d/51-local.conf: Load local customization file
+ /etc/fonts/conf.d/57-dejavu-sans-mono.conf: No description
+ /etc/fonts/conf.d/57-dejavu-sans.conf: No description
+ /etc/fonts/conf.d/57-dejavu-serif.conf: No description
+ /etc/fonts/conf.d/58-dejavu-lgc-sans-mono.conf: No description
+ /etc/fonts/conf.d/58-dejavu-lgc-sans.conf: No description
+ /etc/fonts/conf.d/58-dejavu-lgc-serif.conf: No description
+ /etc/fonts/conf.d/60-generic.conf: Set preferable fonts for emoji/math fonts
+ /etc/fonts/conf.d/60-latin.conf: Set preferable fonts for Latin
+ /etc/fonts/conf.d/65-fonts-persian.conf: No description
+ /etc/fonts/conf.d/65-nonlatin.conf: Set preferable fonts for non-Latin
+ /etc/fonts/conf.d/69-unifont.conf: No description
+ /etc/fonts/conf.d/70-no-bitmaps.conf: Reject bitmap fonts
+ /etc/fonts/conf.d/80-delicious.conf: No description
+ /etc/fonts/conf.d/90-synthetic.conf: No description
+ /etc/fonts/fonts.conf: Default configuration file
- /etc/fonts/conf.avail/10-autohint.conf: Enable autohinter
- /etc/fonts/conf.avail/10-hinting-full.conf: Set hintfull to hintstyle
- /etc/fonts/conf.avail/10-hinting-medium.conf: Set hintmedium to hintstyle
- /etc/fonts/conf.avail/10-hinting-none.conf: Set hintnone to hintstyle
- /etc/fonts/conf.avail/10-no-sub-pixel.conf: Disable sub-pixel rendering
- /etc/fonts/conf.avail/10-sub-pixel-bgr.conf: Enable sub-pixel rendering with the BGR stripes layout
- /etc/fonts/conf.avail/10-sub-pixel-rgb.conf: Enable sub-pixel rendering with the RGB stripes layout
- /etc/fonts/conf.avail/10-sub-pixel-vbgr.conf: Enable sub-pixel rendering with the vertical BGR stripes layout
- /etc/fonts/conf.avail/10-sub-pixel-vrgb.conf: Enable sub-pixel rendering with the vertical RGB stripes layout
- /etc/fonts/conf.avail/10-unhinted.conf: Disable hinting
- /etc/fonts/conf.avail/11-lcdfilter-legacy.conf: Use lcdlegacy as default for LCD filter
- /etc/fonts/conf.avail/11-lcdfilter-light.conf: Use lcdlight as default for LCD filter
- /etc/fonts/conf.avail/25-unhint-nonlatin.conf: Disable hinting for CJK fonts
- /etc/fonts/conf.avail/53-monospace-lcd-filter.conf: No description
- /etc/fonts/conf.avail/65-khmer.conf: No description
- /etc/fonts/conf.avail/70-force-bitmaps.conf: Accept bitmap fonts
- /etc/fonts/conf.avail/70-yes-bitmaps.conf: No description
