DEBUG: org.cups.sid cookie not found, initializing!
DEBUG: org.cups.sid cookie is "343d0351d3c6dab2c4d19063ae4450fa"
cgiSetVariable: SECTION="printers"
cgiSetVariable: REFRESH_PAGE=""
DEBUG: show_all_printers(http=(nil), user="(null)")
cgiSetVariable: TITLE="Printers"
cgiSetVariable: CUPS_VERSION="CUPS v2.4.1"
DEBUG2: cgiCopyTemplateLang(tmpl="header.tmpl")
DEBUG2: lang="(null)", locale=""...
DEBUG2: Template file is "/usr/share/cups/templates/header.tmpl"...
DEBUG2: Starting at file position 0...
DEBUG2: Starting "{refresh_page?" at 287, result=0...
DEBUG2: Skip first part...
DEBUG2:   Starting at file position 287...
DEBUG2:   "{refresh_page}" at 337...
DEBUG2:   Returning at file position 340 on character ':'...
DEBUG2: Output second part...
DEBUG2:   Starting at file position 340...
DEBUG2:   Returning at file position 341 on character '}'...
DEBUG2: Finished "{refresh_page?", out=0x7fb657253780...
DEBUG2: "{display:none;}" at 483...
DEBUG2: Lone { at 619...
DEBUG2: Lone { at 692...
DEBUG2: Lone { at 822...
DEBUG2: Lone { at 855...
DEBUG2: "{title}" at 1055...
DEBUG2: Starting "{SECTION=admin" at 1307, result=0...
DEBUG2: Skip first part...
DEBUG2:   Starting at file position 1307...
DEBUG2:   Returning at file position 1323 on character ':'...
DEBUG2: Output second part...
DEBUG2:   Starting at file position 1323...
DEBUG2:   Returning at file position 1324 on character '}'...
DEBUG2: Finished "{SECTION=admin", out=0x7fb657253780...
DEBUG2: Starting "{SECTION=classes" at 1387, result=0...
DEBUG2: Skip first part...
DEBUG2:   Starting at file position 1387...
DEBUG2:   Returning at file position 1403 on character ':'...
DEBUG2: Output second part...
DEBUG2:   Starting at file position 1403...
DEBUG2:   Returning at file position 1404 on character '}'...
DEBUG2: Finished "{SECTION=classes", out=0x7fb657253780...
DEBUG2: Starting "{SECTION=help" at 1460, result=0...
DEBUG2: Skip first part...
DEBUG2:   Starting at file position 1460...
DEBUG2:   Returning at file position 1476 on character ':'...
DEBUG2: Output second part...
DEBUG2:   Starting at file position 1476...
DEBUG2:   Returning at file position 1477 on character '}'...
DEBUG2: Finished "{SECTION=help", out=0x7fb657253780...
DEBUG2: Starting "{SECTION=jobs" at 1527, result=0...
DEBUG2: Skip first part...
DEBUG2:   Starting at file position 1527...
DEBUG2:   Returning at file position 1543 on character ':'...
DEBUG2: Output second part...
DEBUG2:   Starting at file position 1543...
DEBUG2:   Returning at file position 1544 on character '}'...
DEBUG2: Finished "{SECTION=jobs", out=0x7fb657253780...
DEBUG2: Starting "{SECTION=printers" at 1598, result=1...
DEBUG2: Output first part...
DEBUG2:   Starting at file position 1598...
DEBUG2:   Returning at file position 1614 on character ':'...
DEBUG2: Skip second part...
DEBUG2:   Starting at file position 1614...
DEBUG2:   Returning at file position 1615 on character '}'...
DEBUG2: Finished "{SECTION=printers", out=0x7fb657253780...
DEBUG2: "{title}" at 1733...
DEBUG2: Returning at file position 1739 on EOF...
cgiSetVariable: MESSAGE="Unable to get printer list"
cgiSetVariable: ERROR="Bad file descriptor"
DEBUG2: cgiCopyTemplateLang(tmpl="error.tmpl")
DEBUG2: lang="(null)", locale=""...
DEBUG2: Template file is "/usr/share/cups/templates/error.tmpl"...
DEBUG2: Starting at file position 0...
DEBUG2: "{?title}" at 26...
DEBUG2: "{?printer_name}" at 42...
DEBUG2: Starting "{?message?" at 68, result=1...
DEBUG2: Output first part...
DEBUG2:   Starting at file position 68...
DEBUG2:   "{message}" at 77...
DEBUG2:   Returning at file position 78 on character ':'...
DEBUG2: Skip second part...
DEBUG2:   Starting at file position 78...
DEBUG2:   Returning at file position 84 on character '}'...
DEBUG2: Finished "{?message?", out=0x7fb657253780...
DEBUG2: "{error}" at 110...
DEBUG2: Returning at file position 124 on EOF...
DEBUG2: cgiCopyTemplateLang(tmpl="trailer.tmpl")
DEBUG2: lang="(null)", locale=""...
DEBUG2: Template file is "/usr/share/cups/templates/trailer.tmpl"...
DEBUG2: Starting at file position 0...
DEBUG2: Returning at file position 218 on EOF...
