Set-Cookie: org.cups.sid=639847b1c6ef3af762d2da5cbffb72c3; path=/; httponly;
Content-Type: text/html;charset=utf-8

<!DOCTYPE HTML>
<html>
  <head>
    <link rel="stylesheet" href="/cups.css" type="text/css">
    <link rel="shortcut icon" href="/apple-touch-icon.png" type="image/png">
    <meta charset="utf-8">
    <meta http-equiv="Content-Type" content="text/html; charset=utf-8">
    
    <meta http-equiv="X-UA-Compatible" content="IE=9">
    <meta name="viewport" content="width=device-width">
    <style>html{display:none;}</style>
    <script type="text/javascript"><!--
      /* Only display document if we are not in a frame... */
      if (self == top) {
        document.documentElement.style.display = 'block';
      } else {
        top.location = self.location;
      }

      /* Show an error if cookies are disabled */
      function check_cookies() {
	if (!navigator.cookieEnabled) {
	      document.getElementById('body').innerHTML = 'This page uses cookies to prevent common cross-site attacks. Please enable cookies in your browser.';
	}
      }
    --></SCRIPT>
    <title>Online Help - CUPS 2.4.1</title>
  </head>
  <body onload="check_cookies();">
    <div class="header">
      <ul>
	<li><a href="https://openprinting.github.io/cups/" target="_blank">OpenPrinting CUPS</a></li>
	<li><a href="/">Home</a></li>
	<li><a href="/admin">Administration</a></li>
	<li><a href="/classes/">Classes</a></li>
	<li><a class="active" href="/help/">Help</a></li>
	<li><a href="/jobs/">Jobs</a></li>
	<li><a href="/printers/">Printers</a></li>
      </ul>
    </div>
    <div class="body">
      <div class="row">
	<h1>Online Help</h1>
<FORM ACTION="/help/" METHOD="GET">


<P ALIGN="CENTER"><B>Search in
All Documents:</B> <INPUT
TYPE="SEARCH" NAME="QUERY" VALUE="" SIZE="40" PLACEHOLDER=""
AUTOSAVE="org.cups.help" RESULTS="20">
<INPUT TYPE="SUBMIT" NAME="SEARCH" VALUE="Search">
<INPUT TYPE="SUBMIT" NAME="CLEAR" VALUE="Clear"></P>

</FORM>

<!-- Bookmarks -->
<DIV CLASS="sidebar"><TABLE CLASS="inset" SUMMARY="Contents">
<TR><TD>

<H3 CLASS="title">Online Help Documents</H3>

<P CLASS="l0"><A HREF="/help/">All Documents</A></P>
<HR>

<P CLASS="l0"><A HREF="/help/?TOPIC=Getting+Started&amp;QUERY=">Getting Started</A></P>
<P CLASS="l0"><A HREF="/help/?TOPIC=Man+Pages&amp;QUERY=">Man Pages</A></P>
<P CLASS="l0"><A HREF="/help/?TOPIC=Programming&amp;QUERY=">Programming</A></P>
<P CLASS="l0"><A HREF="/help/?TOPIC=References&amp;QUERY=">References</A></P>
<P CLASS="l0"><A HREF="/help/?TOPIC=Specifications&amp;QUERY=">Specifications</A></P>

</TD></TR>
</TABLE></DIV>




<H1>Online Help</H1>

<P>This is the CUPS online help interface. Enter search words above or click on any of the documentation links to display online help information.</P>

<P>If you are new to CUPS, read the "<a href="/help/overview.html">Overview of CUPS</a>" page.</P>

<P>The <A HREF="https://openprinting.github.io/cups/">CUPS home page</A> also provides many resources including user discussion forums, answers to frequently-asked questions, and a form for submitting bug reports and feature requests.</P>
      </div>
    </div>
    <div class="footer">CUPS and the CUPS logo are trademarks of <a href="http://www.apple.com">Apple Inc.</a> Copyright &copy; 2007-2019 Apple Inc. All rights reserved.</div>
  </body>
</html>
