Set-Cookie: org.cups.sid=343d0351d3c6dab2c4d19063ae4450fa; path=/; httponly;
Content-Type: text/html;charset=utf-8

<!DOCTYPE HTML>
<html>
  <head>
    <link rel="stylesheet" href="/cups.css" type="text/css">
    <link rel="shortcut icon" href="/apple-touch-icon.png" type="image/png">
    <meta charset="utf-8">
    <meta http-equiv="Content-Type" content="text/html; charset=utf-8">
    
    <meta http-equiv="X-UA-Compatible" content="IE=9">
    <meta name="viewport" content="width=device-width">
    <style>html{display:none;}</style>
    <script type="text/javascript"><!--
      /* Only display document if we are not in a frame... */
      if (self == top) {
        document.documentElement.style.display = 'block';
      } else {
        top.location = self.location;
      }

      /* Show an error if cookies are disabled */
      function check_cookies() {
	if (!navigator.cookieEnabled) {
	      document.getElementById('body').innerHTML = 'This page uses cookies to prevent common cross-site attacks. Please enable cookies in your browser.';
	}
      }
    --></SCRIPT>
    <title>Printers - CUPS 2.4.1</title>
  </head>
  <body onload="check_cookies();">
    <div class="header">
      <ul>
	<li><a href="https://openprinting.github.io/cups/" target="_blank">OpenPrinting CUPS</a></li>
	<li><a href="/">Home</a></li>
	<li><a href="/admin">Administration</a></li>
	<li><a href="/classes/">Classes</a></li>
	<li><a href="/help/">Help</a></li>
	<li><a href="/jobs/">Jobs</a></li>
	<li><a class="active" href="/printers/">Printers</a></li>
      </ul>
    </div>
    <div class="body">
      <div class="row">
	<h1>Printers</h1>
<H2 CLASS="title">Printers  Error</H2>

<P>Unable to get printer list:</P>

<BLOCKQUOTE>Bad file descriptor</BLOCKQUOTE>
      </div>
    </div>
    <div class="footer">CUPS and the CUPS logo are trademarks of <a href="http://www.apple.com">Apple Inc.</a> Copyright &copy; 2007-2019 Apple Inc. All rights reserved.</div>
  </body>
</html>
