
X.Org X Server 1.21.1.3
X Protocol Version 11, Revision 0
Current Operating System: Linux 1f91ba0a3ff9 5.10.102.1-microsoft-standard-WSL2 #1 SMP Wed Mar 2 00:30:59 UTC 2022 x86_64
Kernel command line: initrd=\initrd.img panic=-1 nr_cpus=8 swiotlb=force pty.legacy_count=0
xorg-server 2:21.1.3-2ubuntu2.1 (For technical support please see http://www.ubuntu.com/support) 
Current version of pixman: 0.40.0
	Before reporting problems, check http://wiki.x.org
	to make sure that you have the latest version.
Markers: (--) probed, (**) from config file, (==) default setting,
	(++) from command line, (!!) notice, (II) informational,
	(WW) warning, (EE) error, (NI) not implemented, (??) unknown.
(==) Log file: "/var/log/Xorg.0.log", Time: Mon Jul 18 19:49:48 2022
(==) Using system config directory "/usr/share/X11/xorg.conf.d"
(EE) 
Fatal server error:
(EE) no screens found(EE) 
(EE) 
Please consult the The X.Org Foundation support 
	 at http://wiki.x.org
 for help. 
(EE) Please also check the log file at "/var/log/Xorg.0.log" for additional information.
(EE) 
(EE) Server terminated with error (1). Closing log file.
