Machine (15GB total)
  Package L#0
    NUMANode L#0 (P#0 15GB)
    L3 L#0 (8192KB)
      L2 L#0 (512KB) + L1d L#0 (48KB) + L1i L#0 (32KB) + Core L#0
        PU L#0 (P#0)
        PU L#1 (P#1)
      L2 L#1 (512KB) + L1d L#1 (48KB) + L1i L#1 (32KB) + Core L#1
        PU L#2 (P#2)
        PU L#3 (P#3)
      L2 L#2 (512KB) + L1d L#2 (48KB) + L1i L#2 (32KB) + Core L#2
        PU L#4 (P#4)
        PU L#5 (P#5)
      L2 L#3 (512KB) + L1d L#3 (48KB) + L1i L#3 (32KB) + Core L#3
        PU L#6 (P#6)
        PU L#7 (P#7)
  HostBridge
    PCI 7bef:00:00.0 (SCSI)
  HostBridge
    PCI 80dd:00:00.0 (SCSI)
  HostBridge
    PCI 9bcf:00:00.0 (3D)
  HostBridge
    PCI ba9f:00:00.0 (SCSI)
  Block "sdb"
  Block "sdc"
  Block "sda"
