Usage: mdsearch [OPTIONS] <server> <share> <query>

  -p, --path=STRING                            Server-relative search path
  -L, --live                                   live query

Help options:
  -?, --help                                   Show this help message
      --usage                                  Display brief usage message

Common Samba options:
  -d, --debuglevel=DEBUGLEVEL                  Set debug level
      --debug-stdout                           Send debug output to standard
                                               output
  -s, --configfile=CONFIGFILE                  Use alternative configuration
                                               file
      --option=name=value                      Set smb.conf option from
                                               command line
  -l, --log-basename=LOGFILEBASE               Basename for log/debug files
      --leak-report                            enable talloc leak reporting on
                                               exit
      --leak-report-full                       enable full talloc leak
                                               reporting on exit

Credential options:
  -U, --user=[DOMAIN/]USERNAME[%PASSWORD]      Set the network username
  -N, --no-pass                                Don't ask for a password
      --password=STRING                        Password
      --pw-nt-hash                             The supplied password is the NT
                                               hash
  -A, --authentication-file=FILE               Get the credentials from a file
  -P, --machine-pass                           Use stored machine account
                                               password
      --simple-bind-dn=DN                      DN to use for a simple bind
      --use-kerberos=desired|required|off      Use Kerberos authentication
      --use-krb5-ccache=CCACHE                 Credentials cache location for
                                               Kerberos
      --use-winbind-ccache                     Use the winbind ccache for
                                               authentication
      --client-protection=sign|encrypt|off     Configure used protection for
                                               client connections

Deprecated legcacy options:
  -k, --kerberos                               DEPRECATED: Migrate to
                                               --use-kerberos

Version options:
  -V, --version                                Print version
