Usage: smbcacls [-?txNPkV] [-?|--help] [--usage] [-D|--delete=ACL]
        [-M|--modify=ACL] [-a|--add=ACL] [-S|--set=ACLS]
        [-C|--chown=USERNAME] [-G|--chgrp=GROUPNAME] [-I|--inherit=STRING]
        [--propagate-inheritance] [--numeric] [--sddl]
        [--query-security-info=INT] [--set-security-info=INT]
        [-t|--test-args] [--domain-sid=SID] [-x|--maximum-access]
        [-d|--debuglevel=DEBUGLEVEL] [--debug-stdout]
        [-s|--configfile=CONFIGFILE] [--option=name=value]
        [-l|--log-basename=LOGFILEBASE] [--leak-report] [--leak-report-full]
        [-R|--name-resolve=NAME-RESOLVE-ORDER]
        [-O|--socket-options=SOCKETOPTIONS] [-m|--max-protocol=MAXPROTOCOL]
        [-n|--netbiosname=NETBIOSNAME] [--netbios-scope=SCOPE]
        [-W|--workgroup=WORKGROUP] [--realm=REALM]
        [-U|--user=[DOMAIN/]USERNAME[%PASSWORD]] [-N|--no-pass]
        [--password=STRING] [--pw-nt-hash] [-A|--authentication-file=FILE]
        [-P|--machine-pass] [--simple-bind-dn=DN]
        [--use-kerberos=desired|required|off] [--use-krb5-ccache=CCACHE]
        [--use-winbind-ccache] [--client-protection=sign|encrypt|off]
        [-k|--kerberos] [-V|--version]
        //server1/share1 filename
ACLs look like: 'ACL:user:[ALLOWED|DENIED]/flags/permissions'
