Usage: ctdb-event [<options>] <command> [<args>]

Help Options:
  -h, --help                                      Show this help message

Options:
  -d, --debug=ERROR|WARNING|NOTICE|INFO|DEBUG     debug level

Commands:
  run <timeout> <component> <event> <args>     Run an event
  status <component> <event>                   Get status of an event
  script list <component>                      List event scripts
  script enable <component> <script>           Enable an event script
  script disable <component> <script>          Disable an event script
Usage: ctdb-event [<options>] <command> [<args>]

Help Options:
  -h, --help                                      Show this help message

Options:
  -d, --debug=ERROR|WARNING|NOTICE|INFO|DEBUG     debug level

Commands:
  run <timeout> <component> <event> <args>     Run an event
  status <component> <event>                   Get status of an event
  script list <component>                      List event scripts
  script enable <component> <script>           Enable an event script
  script disable <component> <script>          Disable an event script
