Usage: ctdb-config [<options>] <command> [<args>]

Help Options:
  -h, --help                                      Show this help message

Options:
  -d, --debug=ERROR|WARNING|NOTICE|INFO|DEBUG     debug level

Help options:
  -?, --help                                      Show this help message
      --usage                                     Display brief usage message

Commands:
  dump                    Dump configuration
  get <section> <key>     Get a config value
  validate                Validate configuration file
Usage: ctdb-config [<options>] <command> [<args>]

Help Options:
  -h, --help                                      Show this help message

Options:
  -d, --debug=ERROR|WARNING|NOTICE|INFO|DEBUG     debug level

Help options:
  -?, --help                                      Show this help message
      --usage                                     Display brief usage message

Commands:
  dump                    Dump configuration
  get <section> <key>     Get a config value
  validate                Validate configuration file
