DEBUG: org.cups.sid cookie not found, initializing!
DEBUG: org.cups.sid cookie is "639847b1c6ef3af762d2da5cbffb72c3"
cgiSetVariable: SECTION="help"
cgiSetVariable: REFRESH_PAGE=""
DEBUG: helpLoadIndex(filename="/var/cache/cups/help.index", directory="/usr/share/cups/doc-root/help")
DEBUG: 1338 nodes in help index...
DEBUG: argv[0]="/usr/lib/cups/cgi-bin/help.cgi"
cgiSetVariable: TITLE="Online Help"
cgiSetVariable: CUPS_VERSION="CUPS v2.4.1"
DEBUG2: cgiCopyTemplateLang(tmpl="header.tmpl")
DEBUG2: lang="(null)", locale=""...
DEBUG2: Template file is "/usr/share/cups/templates/header.tmpl"...
DEBUG2: Starting at file position 0...
DEBUG2: Starting "{refresh_page?" at 287, result=0...
DEBUG2: Skip first part...
DEBUG2:   Starting at file position 287...
DEBUG2:   "{refresh_page}" at 337...
DEBUG2:   Returning at file position 340 on character ':'...
DEBUG2: Output second part...
DEBUG2:   Starting at file position 340...
DEBUG2:   Returning at file position 341 on character '}'...
DEBUG2: Finished "{refresh_page?", out=0x7f0541591780...
DEBUG2: "{display:none;}" at 483...
DEBUG2: Lone { at 619...
DEBUG2: Lone { at 692...
DEBUG2: Lone { at 822...
DEBUG2: Lone { at 855...
DEBUG2: "{title}" at 1055...
DEBUG2: Starting "{SECTION=admin" at 1307, result=0...
DEBUG2: Skip first part...
DEBUG2:   Starting at file position 1307...
DEBUG2:   Returning at file position 1323 on character ':'...
DEBUG2: Output second part...
DEBUG2:   Starting at file position 1323...
DEBUG2:   Returning at file position 1324 on character '}'...
DEBUG2: Finished "{SECTION=admin", out=0x7f0541591780...
DEBUG2: Starting "{SECTION=classes" at 1387, result=0...
DEBUG2: Skip first part...
DEBUG2:   Starting at file position 1387...
DEBUG2:   Returning at file position 1403 on character ':'...
DEBUG2: Output second part...
DEBUG2:   Starting at file position 1403...
DEBUG2:   Returning at file position 1404 on character '}'...
DEBUG2: Finished "{SECTION=classes", out=0x7f0541591780...
DEBUG2: Starting "{SECTION=help" at 1460, result=1...
DEBUG2: Output first part...
DEBUG2:   Starting at file position 1460...
DEBUG2:   Returning at file position 1476 on character ':'...
DEBUG2: Skip second part...
DEBUG2:   Starting at file position 1476...
DEBUG2:   Returning at file position 1477 on character '}'...
DEBUG2: Finished "{SECTION=help", out=0x7f0541591780...
DEBUG2: Starting "{SECTION=jobs" at 1527, result=0...
DEBUG2: Skip first part...
DEBUG2:   Starting at file position 1527...
DEBUG2:   Returning at file position 1543 on character ':'...
DEBUG2: Output second part...
DEBUG2:   Starting at file position 1543...
DEBUG2:   Returning at file position 1544 on character '}'...
DEBUG2: Finished "{SECTION=jobs", out=0x7f0541591780...
DEBUG2: Starting "{SECTION=printers" at 1598, result=0...
DEBUG2: Skip first part...
DEBUG2:   Starting at file position 1598...
DEBUG2:   Returning at file position 1614 on character ':'...
DEBUG2: Output second part...
DEBUG2:   Starting at file position 1614...
DEBUG2:   Returning at file position 1615 on character '}'...
DEBUG2: Finished "{SECTION=printers", out=0x7f0541591780...
DEBUG2: "{title}" at 1733...
DEBUG2: Returning at file position 1739 on EOF...
DEBUG: cgiClearVariables called.
DEBUG: query="(null)", topic="(null)"
DEBUG: cgiSetArray: BMLINK[0]="/help/?TOPIC=Getting+Started&QUERY="
DEBUG: cgiSetArray: BMTEXT[0]="Getting Started"
DEBUG: cgiSetArray: BMINDENT[0]="0"
DEBUG: cgiSetArray: BMLINK[1]="/help/?TOPIC=Man+Pages&QUERY="
DEBUG: cgiSetArray: BMTEXT[1]="Man Pages"
DEBUG: cgiSetArray: BMINDENT[1]="0"
DEBUG: cgiSetArray: BMLINK[2]="/help/?TOPIC=Programming&QUERY="
DEBUG: cgiSetArray: BMTEXT[2]="Programming"
DEBUG: cgiSetArray: BMINDENT[2]="0"
DEBUG: cgiSetArray: BMLINK[3]="/help/?TOPIC=References&QUERY="
DEBUG: cgiSetArray: BMTEXT[3]="References"
DEBUG: cgiSetArray: BMINDENT[3]="0"
DEBUG: cgiSetArray: BMLINK[4]="/help/?TOPIC=Specifications&QUERY="
DEBUG: cgiSetArray: BMTEXT[4]="Specifications"
DEBUG: cgiSetArray: BMINDENT[4]="0"
DEBUG2: cgiCopyTemplateLang(tmpl="help-header.tmpl")
DEBUG2: lang="(null)", locale=""...
DEBUG2: Template file is "/usr/share/cups/templates/help-header.tmpl"...
DEBUG2: Starting at file position 0...
DEBUG2: "{?HELPFILE}" at 31...
DEBUG2: Starting "{TOPIC?" at 54, result=0...
DEBUG2: Skip first part...
DEBUG2:   Starting at file position 54...
DEBUG2:   "{TOPIC}" at 102...
DEBUG2:   Returning at file position 105 on character ':'...
DEBUG2: Output second part...
DEBUG2:   Starting at file position 105...
DEBUG2:   Returning at file position 106 on character '}'...
DEBUG2: Finished "{TOPIC?", out=0x7f0541591780...
DEBUG2: Starting "{HELPTITLE?" at 150, result=0...
DEBUG2: Skip first part...
DEBUG2:   Starting at file position 150...
DEBUG2:   "{HELPTITLE}" at 161...
DEBUG2:   Returning at file position 162 on character ':'...
DEBUG2: Output second part...
DEBUG2:   Starting at file position 162...
DEBUG2:   Starting "{TOPIC?" at 169, result=0...
DEBUG2:   Skip first part...
DEBUG2:     Starting at file position 169...
DEBUG2:     "{TOPIC}" at 176...
DEBUG2:     Returning at file position 177 on character ':'...
DEBUG2:   Output second part...
DEBUG2:     Starting at file position 177...
DEBUG2:     Returning at file position 191 on character '}'...
DEBUG2:   Finished "{TOPIC?", out=0x7f0541591780...
DEBUG2:   Returning at file position 192 on character '}'...
DEBUG2: Finished "{HELPTITLE?", out=0x7f0541591780...
DEBUG2: "{?QUERY}" at 247...
DEBUG2: Starting "{QUERY?" at 600, result=0...
DEBUG2: Skip first part...
DEBUG2:   Starting at file position 600...
DEBUG2:   "{QUERY}" at 614...
DEBUG2:   Returning at file position 615 on character ':'...
DEBUG2: Output second part...
DEBUG2:   Starting at file position 615...
DEBUG2:   Returning at file position 616 on character '}'...
DEBUG2: Finished "{QUERY?", out=0x7f0541591780...
DEBUG2: Looping on "BMTEXT" at 655, count=5...
DEBUG2:   Starting at file position 655...
DEBUG2:   "{BMINDENT}" at 676...
DEBUG2:   "{BMLINK}" at 695...
DEBUG2:   "{BMTEXT}" at 705...
DEBUG2:   Returning at file position 715 on character '}'...
DEBUG2:   Starting at file position 655...
DEBUG2:   "{BMINDENT}" at 676...
DEBUG2:   "{BMLINK}" at 695...
DEBUG2:   "{BMTEXT}" at 705...
DEBUG2:   Returning at file position 715 on character '}'...
DEBUG2:   Starting at file position 655...
DEBUG2:   "{BMINDENT}" at 676...
DEBUG2:   "{BMLINK}" at 695...
DEBUG2:   "{BMTEXT}" at 705...
DEBUG2:   Returning at file position 715 on character '}'...
DEBUG2:   Starting at file position 655...
DEBUG2:   "{BMINDENT}" at 676...
DEBUG2:   "{BMLINK}" at 695...
DEBUG2:   "{BMTEXT}" at 705...
DEBUG2:   Returning at file position 715 on character '}'...
DEBUG2:   Starting at file position 655...
DEBUG2:   "{BMINDENT}" at 676...
DEBUG2:   "{BMLINK}" at 695...
DEBUG2:   "{BMTEXT}" at 705...
DEBUG2:   Returning at file position 715 on character '}'...
DEBUG2: Finished looping on "BMTEXT"...
DEBUG2: Starting "{QUERY?" at 750, result=0...
DEBUG2: Skip first part...
DEBUG2:   Starting at file position 750...
DEBUG2:   Starting "{HELPFILE?" at 781, result=0...
DEBUG2:   Skip first part...
DEBUG2:     Starting at file position 781...
DEBUG2:     "{HELPTITLE}" at 792...
DEBUG2:     Returning at file position 793 on character ':'...
DEBUG2:   Output second part...
DEBUG2:     Starting at file position 793...
DEBUG2:     Starting "{TOPIC?" at 800, result=0...
DEBUG2:     Skip first part...
DEBUG2:       Starting at file position 800...
DEBUG2:       "{TOPIC}" at 807...
DEBUG2:       Returning at file position 808 on character ':'...
DEBUG2:     Output second part...
DEBUG2:       Starting at file position 808...
DEBUG2:       Returning at file position 822 on character '}'...
DEBUG2:     Finished "{TOPIC?", out=(nil)...
DEBUG2:     Returning at file position 823 on character '}'...
DEBUG2:   Finished "{HELPFILE?", out=(nil)...
DEBUG2:   Starting "{QTEXT?" at 837, result=0...
DEBUG2:   Skip first part...
DEBUG2:     Starting at file position 837...
DEBUG2:     Looping on "QTEXT" at 850, count=0...
DEBUG2:       Starting at file position 850...
DEBUG2:       "{QLINK}" at 870...
DEBUG2:       "{QTEXT}" at 879...
DEBUG2:       Starting "{QPTEXT?" at 891, result=0...
DEBUG2:       Skip first part...
DEBUG2:         Starting at file position 891...
DEBUG2:         "{QPLINK}" at 916...
DEBUG2:         "{QPTEXT}" at 926...
DEBUG2:         Returning at file position 936 on character ':'...
DEBUG2:       Output second part...
DEBUG2:         Starting at file position 936...
DEBUG2:         Returning at file position 937 on character '}'...
DEBUG2:       Finished "{QPTEXT?", out=(nil)...
DEBUG2:       Returning at file position 943 on character '}'...
DEBUG2:     Finished looping on "QTEXT"...
DEBUG2:     Starting "{QTEXT?" at 951, result=0...
DEBUG2:     Skip first part...
DEBUG2:       Starting at file position 951...
DEBUG2:       Returning at file position 957 on character ':'...
DEBUG2:     Output second part...
DEBUG2:       Starting at file position 957...
DEBUG2:       Returning at file position 958 on character '}'...
DEBUG2:     Finished "{QTEXT?", out=(nil)...
DEBUG2:     Returning at file position 960 on character ':'...
DEBUG2:   Output second part...
DEBUG2:     Starting at file position 960...
DEBUG2:     Returning at file position 985 on character '}'...
DEBUG2:   Finished "{QTEXT?", out=(nil)...
DEBUG2:   Returning at file position 999 on character ':'...
DEBUG2: Output second part...
DEBUG2:   Starting at file position 999...
DEBUG2:   Returning at file position 1000 on character '}'...
DEBUG2: Finished "{QUERY?", out=0x7f0541591780...
DEBUG2: Starting "{HELPTITLE?" at 1012, result=0...
DEBUG2: Skip first part...
DEBUG2:   Starting at file position 1012...
DEBUG2:   "{?HELPFILE}" at 1043...
DEBUG2:   Returning at file position 1168 on character ':'...
DEBUG2: Output second part...
DEBUG2:   Starting at file position 1168...
DEBUG2:   Returning at file position 1683 on character '}'...
DEBUG2: Finished "{HELPTITLE?", out=0x7f0541591780...
DEBUG2: Returning at file position 1684 on EOF...
DEBUG2: cgiCopyTemplateLang(tmpl="help-trailer.tmpl")
DEBUG2: lang="(null)", locale=""...
DEBUG2: Template file is "/usr/share/cups/templates/help-trailer.tmpl"...
DEBUG2: Starting at file position 0...
DEBUG2: Returning at file position 0 on EOF...
DEBUG2: cgiCopyTemplateLang(tmpl="trailer.tmpl")
DEBUG2: lang="(null)", locale=""...
DEBUG2: Template file is "/usr/share/cups/templates/trailer.tmpl"...
DEBUG2: Starting at file position 0...
DEBUG2: Returning at file position 218 on EOF...
