DEBUG: org.cups.sid cookie not found, initializing!
DEBUG: org.cups.sid cookie is "06ffa8c17bc5a76ecef65845d526926e"
cgiSetVariable: SECTION="jobs"
cgiSetVariable: REFRESH_PAGE=""
cgiSetVariable: TITLE="Jobs"
cgiSetVariable: CUPS_VERSION="CUPS v2.4.1"
DEBUG2: cgiCopyTemplateLang(tmpl="header.tmpl")
DEBUG2: lang="(null)", locale=""...
DEBUG2: Template file is "/usr/share/cups/templates/header.tmpl"...
DEBUG2: Starting at file position 0...
DEBUG2: Starting "{refresh_page?" at 287, result=0...
DEBUG2: Skip first part...
DEBUG2:   Starting at file position 287...
DEBUG2:   "{refresh_page}" at 337...
DEBUG2:   Returning at file position 340 on character ':'...
DEBUG2: Output second part...
DEBUG2:   Starting at file position 340...
DEBUG2:   Returning at file position 341 on character '}'...
DEBUG2: Finished "{refresh_page?", out=0x7f3e8fe26780...
DEBUG2: "{display:none;}" at 483...
DEBUG2: Lone { at 619...
DEBUG2: Lone { at 692...
DEBUG2: Lone { at 822...
DEBUG2: Lone { at 855...
DEBUG2: "{title}" at 1055...
DEBUG2: Starting "{SECTION=admin" at 1307, result=0...
DEBUG2: Skip first part...
DEBUG2:   Starting at file position 1307...
DEBUG2:   Returning at file position 1323 on character ':'...
DEBUG2: Output second part...
DEBUG2:   Starting at file position 1323...
DEBUG2:   Returning at file position 1324 on character '}'...
DEBUG2: Finished "{SECTION=admin", out=0x7f3e8fe26780...
DEBUG2: Starting "{SECTION=classes" at 1387, result=0...
DEBUG2: Skip first part...
DEBUG2:   Starting at file position 1387...
DEBUG2:   Returning at file position 1403 on character ':'...
DEBUG2: Output second part...
DEBUG2:   Starting at file position 1403...
DEBUG2:   Returning at file position 1404 on character '}'...
DEBUG2: Finished "{SECTION=classes", out=0x7f3e8fe26780...
DEBUG2: Starting "{SECTION=help" at 1460, result=0...
DEBUG2: Skip first part...
DEBUG2:   Starting at file position 1460...
DEBUG2:   Returning at file position 1476 on character ':'...
DEBUG2: Output second part...
DEBUG2:   Starting at file position 1476...
DEBUG2:   Returning at file position 1477 on character '}'...
DEBUG2: Finished "{SECTION=help", out=0x7f3e8fe26780...
DEBUG2: Starting "{SECTION=jobs" at 1527, result=1...
DEBUG2: Output first part...
DEBUG2:   Starting at file position 1527...
DEBUG2:   Returning at file position 1543 on character ':'...
DEBUG2: Skip second part...
DEBUG2:   Starting at file position 1543...
DEBUG2:   Returning at file position 1544 on character '}'...
DEBUG2: Finished "{SECTION=jobs", out=0x7f3e8fe26780...
DEBUG2: Starting "{SECTION=printers" at 1598, result=0...
DEBUG2: Skip first part...
DEBUG2:   Starting at file position 1598...
DEBUG2:   Returning at file position 1614 on character ':'...
DEBUG2: Output second part...
DEBUG2:   Starting at file position 1614...
DEBUG2:   Returning at file position 1615 on character '}'...
DEBUG2: Finished "{SECTION=printers", out=0x7f3e8fe26780...
DEBUG2: "{title}" at 1733...
DEBUG2: Returning at file position 1739 on EOF...
DEBUG2: cgiCopyTemplateLang(tmpl="trailer.tmpl")
DEBUG2: lang="(null)", locale=""...
DEBUG2: Template file is "/usr/share/cups/templates/trailer.tmpl"...
DEBUG2: Starting at file position 0...
DEBUG2: Returning at file position 218 on EOF...
