
USAGE: drbdadm-83 [OPTION...] [-- DRBDSETUP-OPTION...] COMMAND {all|RESOURCE...}

OPTIONS:
 {--stacked|-S}
 {--dry-run|-d}
 {--verbose|-v}
 {--config-file|-c} val
 {--config-to-test|-t} val
 {--drbdsetup|-s} val
 {--drbdmeta|-m} val
 {--drbd-proxy-ctl|-p} val
 {--sh-varname|-n} val
 {--force|-f}
 {--peer|-P} val
 {--version|-V}

COMMANDS:
 attach                             detach                             
 connect                            disconnect                         
 up                                 down                               
 primary                            secondary                          
 invalidate                         invalidate-remote                  
 outdate                            resize                             
 syncer                             verify                             
 pause-sync                         resume-sync                        
 adjust                             wait-connect                       
 wait-con-int                       role                               
 cstate                             dstate                             
 dump                               dump-xml                           
 create-md                          show-gi                            
 get-gi                             dump-md                            
 wipe-md                            hidden-commands                    

Version: 9.15.0 (api:88)
GIT-hash: baaca8a080dc54652f57da4bafb2dce51dfe9f68 reproducible build, 2022-03-23 13:51:10

missing arguments
