
USAGE: drbdsetup-83 device command arguments options

Device is usually /dev/drbdX or /dev/drbd/X.
General options: --create-device, --set-defaults

Commands are:
 primary [opts...]                       secondary                              
 disk [args...] [opts...]                detach [opts...]                       
 net [args...] [opts...]                 disconnect [opts...]                   
 resize [opts...]                        syncer [opts...]                       
 new-current-uuid [opts...]              invalidate                             
 invalidate-remote                       pause-sync                             
 resume-sync                             suspend-io                             
 resume-io                               outdate                                
 verify [opts...]                        down                                   
 state                                   role                                   
 status                                  sh-status                              
 cstate                                  dstate                                 
 show-gi                                 get-gi                                 
 show                                    check-resize                           
 events [opts...]                        wait-connect [opts...]                 
 wait-sync [opts...]                    

To get more details about a command issue 'drbdsetup help cmd'.

