
USAGE: drbdadm-84 COMMAND [OPTION...] {all|RESOURCE...}

GENERAL OPTIONS:
  --stacked, -S
  --dry-run, -d
  --verbose, -v
  --config-file=..., -c ...
  --config-to-test=..., -t ...
  --drbdsetup=..., -s ...
  --drbdmeta=..., -m ...
  --drbd-proxy-ctl=..., -p ...
  --sh-varname=..., -n ...
  --peer=..., -P ...
  --version, -V
  --setup-option=..., -W ...
  --help, -h

COMMANDS:
 attach                             status                             
 disk-options                       detach                             
 connect                            net-options                        
 disconnect                         up                                 
 resource-options                   down                               
 primary                            secondary                          
 invalidate                         invalidate-remote                  
 outdate                            resize                             
 verify                             pause-sync                         
 resume-sync                        adjust                             
 adjust-with-progress               wait-connect                       
 wait-con-int                       role                               
 cstate                             dstate                             
 dump                               dump-xml                           
 create-md                          show-gi                            
 get-gi                             dump-md                            
 wipe-md                            apply-al                           
 hidden-commands                    

Version: 9.15.0 (api:1)
GIT-hash: baaca8a080dc54652f57da4bafb2dce51dfe9f68 reproducible build, 2022-03-23 13:51:10

No command specified
