]2;LINBIT® DrbdMon(Node 9a6763802629)[?25l[H[2J[?25h** DRBD DrbdMon v9.15.0
    Node 9a6763802629
** DRBD DrbdMon messages log

[0;30;42m MESSAGES [0m
    [1;33;41m ALERT [0m [1;31m2022-07-19T06:44:58Z DRBD events source I/O error[0m
    [1;33;41m ALERT [0m [1;31m2022-07-19T06:44:58Z I/O channel registration failed[0m

** DRBD DrbdMon: Reinitializing in 3 seconds
]2;LINBIT® DrbdMon(Node 9a6763802629)[?25l[H[2J[?25h** DRBD DrbdMon v9.15.0
    Node 9a6763802629
** DRBD DrbdMon messages log

[0;30;42m MESSAGES [0m
    [1;33;41m ALERT [0m [1;31m2022-07-19T06:44:58Z DRBD events source I/O error[0m
    [1;33;41m ALERT [0m [1;31m2022-07-19T06:44:58Z I/O channel registration failed[0m
    [1;33;41m ALERT [0m [1;31m2022-07-19T06:45:01Z DRBD events source I/O error[0m
    [1;33;41m ALERT [0m [1;31m2022-07-19T06:45:01Z I/O channel registration failed[0m

** DRBD DrbdMon: Reinitializing in 3 seconds
]2;LINBIT® DrbdMon(Node 9a6763802629)[?25l[H[2J[?25h** DRBD DrbdMon v9.15.0
    Node 9a6763802629
** DRBD DrbdMon messages log

[0;30;42m MESSAGES [0m
    [1;33;41m ALERT [0m [1;31m2022-07-19T06:44:58Z DRBD events source I/O error[0m
    [1;33;41m ALERT [0m [1;31m2022-07-19T06:44:58Z I/O channel registration failed[0m
    [1;33;41m ALERT [0m [1;31m2022-07-19T06:45:01Z DRBD events source I/O error[0m
    [1;33;41m ALERT [0m [1;31m2022-07-19T06:45:01Z I/O channel registration failed[0m
    [1;33;41m ALERT [0m [1;31m2022-07-19T06:45:04Z DRBD events source I/O error[0m
    [1;33;41m ALERT [0m [1;31m2022-07-19T06:45:04Z I/O channel registration failed[0m

** DRBD DrbdMon: Reinitializing in 3 seconds
]2;LINBIT® DrbdMon(Node 9a6763802629)[?25l[H[2J[?25h** DRBD DrbdMon v9.15.0
    Node 9a6763802629
** DRBD DrbdMon messages log

[0;30;42m MESSAGES [0m
    [1;33;41m ALERT [0m [1;31m2022-07-19T06:44:58Z DRBD events source I/O error[0m
    [1;33;41m ALERT [0m [1;31m2022-07-19T06:44:58Z I/O channel registration failed[0m
    [1;33;41m ALERT [0m [1;31m2022-07-19T06:45:01Z DRBD events source I/O error[0m
    [1;33;41m ALERT [0m [1;31m2022-07-19T06:45:01Z I/O channel registration failed[0m
    [1;33;41m ALERT [0m [1;31m2022-07-19T06:45:04Z DRBD events source I/O error[0m
    [1;33;41m ALERT [0m [1;31m2022-07-19T06:45:04Z I/O channel registration failed[0m
    [1;33;41m ALERT [0m [1;31m2022-07-19T06:45:07Z DRBD events source I/O error[0m
    [1;33;41m ALERT [0m [1;31m2022-07-19T06:45:07Z I/O channel registration failed[0m

** DRBD DrbdMon: Reinitializing in 3 seconds
