
USAGE: drbdadm COMMAND [OPTION...] {all|RESOURCE...}

GENERAL OPTIONS:
  --stacked, -S
  --dry-run, -d
  --verbose, -v
  --config-file=..., -c ...
  --config-to-test=..., -t ...
  --config-to-exclude=..., -E ...
  --drbdsetup=..., -s ...
  --drbdmeta=..., -m ...
  --drbd-proxy-ctl=..., -p ...
  --sh-varname=..., -n ...
  --peer=..., -P ...
  --version, -V
  --setup-option=..., -W ...
  --help, -h

COMMANDS:
 adjust                              invalidate-remote                  
 adjust-with-progress                net-options                        
 apply-al                            new-path                           
 attach                              new-peer                           
 connect                             outdate                            
 create-md                           pause-sync                         
 cstate                              peer-device-options                
 del-path                            primary                            
 del-peer                            resize                             
 detach                              resource-options                   
 disconnect                          resume-sync                        
 disk-options                        role                               
 down                                secondary                          
 dstate                              show-gi                            
 dump                                status                             
 dump-md                             up                                 
 dump-xml                            verify                             
 forget-peer                         wait-con-int                       
 get-gi                              wait-connect                       
 hidden-commands                     wait-sync                          
 invalidate                          wipe-md                            

Version: 9.15.0 (api:2)
GIT-hash: baaca8a080dc54652f57da4bafb2dce51dfe9f68 reproducible build, 2022-03-23 13:51:10

No command specified
