Usage: /usr/bin/x86_64-linux-gnu-strip <option(s)> in-file(s)
 Removes symbols and sections from files
 The options are:
  -I --input-target=<bfdname>      Assume input file is in format <bfdname>
  -O --output-target=<bfdname>     Create an output file in format <bfdname>
  -F --target=<bfdname>            Set both input and output format to <bfdname>
  -p --preserve-dates              Copy modified/access timestamps to the output
  -D --enable-deterministic-archives
                                   Produce deterministic output when stripping archives (default)
  -U --disable-deterministic-archives
                                   Disable -D behavior
  -R --remove-section=<name>       Also remove section <name> from the output
     --remove-relocations <name>   Remove relocations from section <name>
  -s --strip-all                   Remove all symbol and relocation information
  -g -S -d --strip-debug           Remove all debugging symbols & sections
     --strip-dwo                   Remove all DWO sections
     --strip-unneeded              Remove all symbols not needed by relocations
     --only-keep-debug             Strip everything but the debug information
  -M  --merge-notes                Remove redundant entries in note sections (default)
      --no-merge-notes             Do not attempt to remove redundant notes
  -N --strip-symbol=<name>         Do not copy symbol <name>
     --keep-section=<name>         Do not strip section <name>
  -K --keep-symbol=<name>          Do not strip symbol <name>
     --keep-section-symbols        Do not strip section symbols
     --keep-file-symbols           Do not strip file symbol(s)
  -w --wildcard                    Permit wildcard in symbol comparison
  -x --discard-all                 Remove all non-global symbols
  -X --discard-locals              Remove any compiler-generated symbols
  -v --verbose                     List all object files modified
  -V --version                     Display this program's version number
  -h --help                        Display this output
     --info                        List object formats & architectures supported
  -o <file>                        Place stripped output into <file>
/usr/bin/x86_64-linux-gnu-strip: supported targets: elf64-x86-64 elf32-i386 elf32-iamcu elf32-x86-64 pei-i386 pe-x86-64 pei-x86-64 elf64-l1om elf64-k1om elf64-little elf64-big elf32-little elf32-big elf64-littleaarch64 elf64-bigaarch64 elf32-littleaarch64 elf32-bigaarch64 elf32-littlearm elf32-bigarm pei-aarch64-little elf64-alpha ecoff-littlealpha elf32-littlearm-fdpic elf32-bigarm-fdpic elf32-hppa-linux elf32-hppa elf64-ia64-little elf64-ia64-big pei-ia64 elf32-m32r-linux elf32-m32rle-linux elf32-m68k elf32-tradbigmips elf32-tradlittlemips ecoff-bigmips ecoff-littlemips elf32-ntradbigmips elf64-tradbigmips elf32-ntradlittlemips elf64-tradlittlemips elf32-powerpc aixcoff-rs6000 elf32-powerpcle ppcboot elf64-powerpc elf64-powerpcle aixcoff64-rs6000 aix5coff64-rs6000 elf64-littleriscv elf32-littleriscv elf32-bigriscv elf64-bigriscv elf32-s390 elf64-s390 elf32-sh-linux elf32-shbig-linux elf32-sh-fdpic elf32-shbig-fdpic elf32-sparc elf64-sparc pe-bigobj-x86-64 pe-i386 srec symbolsrec verilog tekhex binary ihex plugin
