/usr/bin/x86_64-linux-gnu-addr2line
/usr/bin/x86_64-linux-gnu-addr2line.single
/usr/bin/x86_64-linux-gnu-ar
/usr/bin/x86_64-linux-gnu-ar.single
/usr/bin/x86_64-linux-gnu-gprof
/usr/bin/x86_64-linux-gnu-gprof.single
/usr/bin/x86_64-linux-gnu-nm
/usr/bin/x86_64-linux-gnu-nm.single
/usr/bin/x86_64-linux-gnu-objcopy
/usr/bin/x86_64-linux-gnu-objcopy.single
/usr/bin/x86_64-linux-gnu-objdump
/usr/bin/x86_64-linux-gnu-objdump.single
/usr/bin/x86_64-linux-gnu-ranlib
/usr/bin/x86_64-linux-gnu-ranlib.single
/usr/bin/x86_64-linux-gnu-readelf
/usr/bin/x86_64-linux-gnu-readelf.single
/usr/bin/x86_64-linux-gnu-size
/usr/bin/x86_64-linux-gnu-size.single
/usr/bin/x86_64-linux-gnu-strings
/usr/bin/x86_64-linux-gnu-strings.single
/usr/bin/x86_64-linux-gnu-strip
/usr/bin/x86_64-linux-gnu-strip.single
