Usage: /usr/bin/x86_64-linux-gnu-ar [emulation options] [-]{dmpqrstx}[abcDfilMNoOPsSTuvV] [--plugin <name>] [member-name] [count] archive-file file...
       /usr/bin/x86_64-linux-gnu-ar -M [<mri-script]
 commands:
  d            - delete file(s) from the archive
  m[ab]        - move file(s) in the archive
  p            - print file(s) found in the archive
  q[f]         - quick append file(s) to the archive
  r[ab][f][u]  - replace existing or insert new file(s) into the archive
  s            - act as ranlib
  t[O][v]      - display contents of the archive
  x[o]         - extract file(s) from the archive
 command specific modifiers:
  [a]          - put file(s) after [member-name]
  [b]          - put file(s) before [member-name] (same as [i])
  [D]          - use zero for timestamps and uids/gids (default)
  [U]          - use actual timestamps and uids/gids
  [N]          - use instance [count] of name
  [f]          - truncate inserted file names
  [P]          - use full path names when matching
  [o]          - preserve original dates
  [O]          - display offsets of files in the archive
  [u]          - only replace files that are newer than current archive contents
 generic modifiers:
  [c]          - do not warn if the library had to be created
  [s]          - create an archive index (cf. ranlib)
  [l <text> ]  - specify the dependencies of this library
  [S]          - do not build a symbol table
  [T]          - deprecated, use --thin instead
  [v]          - be verbose
  [V]          - display the version number
  @<file>      - read options from <file>
  --target=BFDNAME - specify the target object format as BFDNAME
  --output=DIRNAME - specify the output directory for extraction operations
  --record-libdeps=<text> - specify the dependencies of this library
  --thin       - make a thin archive
 optional:
  --plugin <p> - load the specified plugin
 emulation options: 
  No emulation specific options
/usr/bin/x86_64-linux-gnu-ar: supported targets: elf64-x86-64 elf32-i386 elf32-iamcu elf32-x86-64 pei-i386 pe-x86-64 pei-x86-64 elf64-l1om elf64-k1om elf64-little elf64-big elf32-little elf32-big elf64-littleaarch64 elf64-bigaarch64 elf32-littleaarch64 elf32-bigaarch64 elf32-littlearm elf32-bigarm pei-aarch64-little elf64-alpha ecoff-littlealpha elf32-littlearm-fdpic elf32-bigarm-fdpic elf32-hppa-linux elf32-hppa elf64-ia64-little elf64-ia64-big pei-ia64 elf32-m32r-linux elf32-m32rle-linux elf32-m68k elf32-tradbigmips elf32-tradlittlemips ecoff-bigmips ecoff-littlemips elf32-ntradbigmips elf64-tradbigmips elf32-ntradlittlemips elf64-tradlittlemips elf32-powerpc aixcoff-rs6000 elf32-powerpcle ppcboot elf64-powerpc elf64-powerpcle aixcoff64-rs6000 aix5coff64-rs6000 elf64-littleriscv elf32-littleriscv elf32-bigriscv elf64-bigriscv elf32-s390 elf64-s390 elf32-sh-linux elf32-shbig-linux elf32-sh-fdpic elf32-shbig-fdpic elf32-sparc elf64-sparc pe-bigobj-x86-64 pe-i386 srec symbolsrec verilog tekhex binary ihex plugin
