time="2022-07-19T05:54:56.146045877Z" level=info msg="starting containerd" revision= version=1.5.9-0ubuntu3
time="2022-07-19T05:54:56.181785381Z" level=info msg="loading plugin \"io.containerd.content.v1.content\"..." type=io.containerd.content.v1
time="2022-07-19T05:54:56.186626417Z" level=info msg="loading plugin \"io.containerd.snapshotter.v1.aufs\"..." type=io.containerd.snapshotter.v1
time="2022-07-19T05:54:56.194744193Z" level=info msg="skip loading plugin \"io.containerd.snapshotter.v1.aufs\"..." error="aufs is not supported (modprobe aufs failed: exec: \"modprobe\": executable file not found in $PATH \"\"): skip plugin" type=io.containerd.snapshotter.v1
time="2022-07-19T05:54:56.197089515Z" level=info msg="loading plugin \"io.containerd.snapshotter.v1.btrfs\"..." type=io.containerd.snapshotter.v1
time="2022-07-19T05:54:56.205494143Z" level=info msg="skip loading plugin \"io.containerd.snapshotter.v1.btrfs\"..." error="path /var/lib/containerd/io.containerd.snapshotter.v1.btrfs (overlay) must be a btrfs filesystem to be used with the btrfs snapshotter: skip plugin" type=io.containerd.snapshotter.v1
time="2022-07-19T05:54:56.206247822Z" level=info msg="loading plugin \"io.containerd.snapshotter.v1.devmapper\"..." type=io.containerd.snapshotter.v1
time="2022-07-19T05:54:56.207036909Z" level=warning msg="failed to load plugin io.containerd.snapshotter.v1.devmapper" error="devmapper not configured"
time="2022-07-19T05:54:56.207770829Z" level=info msg="loading plugin \"io.containerd.snapshotter.v1.native\"..." type=io.containerd.snapshotter.v1
time="2022-07-19T05:54:56.211429959Z" level=info msg="loading plugin \"io.containerd.snapshotter.v1.overlayfs\"..." type=io.containerd.snapshotter.v1
time="2022-07-19T05:54:56.231045874Z" level=info msg="loading plugin \"io.containerd.snapshotter.v1.zfs\"..." type=io.containerd.snapshotter.v1
time="2022-07-19T05:54:56.237849240Z" level=info msg="skip loading plugin \"io.containerd.snapshotter.v1.zfs\"..." error="path /var/lib/containerd/io.containerd.snapshotter.v1.zfs must be a zfs filesystem to be used with the zfs snapshotter: skip plugin" type=io.containerd.snapshotter.v1
time="2022-07-19T05:54:56.238603104Z" level=info msg="loading plugin \"io.containerd.metadata.v1.bolt\"..." type=io.containerd.metadata.v1
time="2022-07-19T05:54:56.240956062Z" level=warning msg="could not use snapshotter devmapper in metadata plugin" error="devmapper not configured"
time="2022-07-19T05:54:56.241598945Z" level=info msg="metadata content store policy set" policy=shared
time="2022-07-19T05:54:56.264940735Z" level=info msg="loading plugin \"io.containerd.differ.v1.walking\"..." type=io.containerd.differ.v1
time="2022-07-19T05:54:56.265836339Z" level=info msg="loading plugin \"io.containerd.gc.v1.scheduler\"..." type=io.containerd.gc.v1
time="2022-07-19T05:54:56.269444820Z" level=info msg="loading plugin \"io.containerd.service.v1.introspection-service\"..." type=io.containerd.service.v1
time="2022-07-19T05:54:56.270836351Z" level=info msg="loading plugin \"io.containerd.service.v1.containers-service\"..." type=io.containerd.service.v1
time="2022-07-19T05:54:56.272216683Z" level=info msg="loading plugin \"io.containerd.service.v1.content-service\"..." type=io.containerd.service.v1
time="2022-07-19T05:54:56.272911378Z" level=info msg="loading plugin \"io.containerd.service.v1.diff-service\"..." type=io.containerd.service.v1
time="2022-07-19T05:54:56.273683917Z" level=info msg="loading plugin \"io.containerd.service.v1.images-service\"..." type=io.containerd.service.v1
time="2022-07-19T05:54:56.274440138Z" level=info msg="loading plugin \"io.containerd.service.v1.leases-service\"..." type=io.containerd.service.v1
time="2022-07-19T05:54:56.275186378Z" level=info msg="loading plugin \"io.containerd.service.v1.namespaces-service\"..." type=io.containerd.service.v1
time="2022-07-19T05:54:56.275913889Z" level=info msg="loading plugin \"io.containerd.service.v1.snapshots-service\"..." type=io.containerd.service.v1
time="2022-07-19T05:54:56.276660298Z" level=info msg="loading plugin \"io.containerd.runtime.v1.linux\"..." type=io.containerd.runtime.v1
time="2022-07-19T05:54:56.285770586Z" level=info msg="loading plugin \"io.containerd.runtime.v2.task\"..." type=io.containerd.runtime.v2
time="2022-07-19T05:54:56.295076379Z" level=info msg="loading plugin \"io.containerd.monitor.v1.cgroups\"..." type=io.containerd.monitor.v1
time="2022-07-19T05:54:56.300818403Z" level=info msg="loading plugin \"io.containerd.service.v1.tasks-service\"..." type=io.containerd.service.v1
time="2022-07-19T05:54:56.301460784Z" level=info msg="loading plugin \"io.containerd.internal.v1.restart\"..." type=io.containerd.internal.v1
time="2022-07-19T05:54:56.303067477Z" level=info msg="loading plugin \"io.containerd.grpc.v1.containers\"..." type=io.containerd.grpc.v1
time="2022-07-19T05:54:56.304672888Z" level=info msg="loading plugin \"io.containerd.grpc.v1.content\"..." type=io.containerd.grpc.v1
time="2022-07-19T05:54:56.305703334Z" level=info msg="loading plugin \"io.containerd.grpc.v1.diff\"..." type=io.containerd.grpc.v1
time="2022-07-19T05:54:56.306429579Z" level=info msg="loading plugin \"io.containerd.grpc.v1.events\"..." type=io.containerd.grpc.v1
time="2022-07-19T05:54:56.307163345Z" level=info msg="loading plugin \"io.containerd.grpc.v1.healthcheck\"..." type=io.containerd.grpc.v1
time="2022-07-19T05:54:56.307899715Z" level=info msg="loading plugin \"io.containerd.grpc.v1.images\"..." type=io.containerd.grpc.v1
time="2022-07-19T05:54:56.308605385Z" level=info msg="loading plugin \"io.containerd.grpc.v1.leases\"..." type=io.containerd.grpc.v1
time="2022-07-19T05:54:56.309331517Z" level=info msg="loading plugin \"io.containerd.grpc.v1.namespaces\"..." type=io.containerd.grpc.v1
time="2022-07-19T05:54:56.310069815Z" level=info msg="loading plugin \"io.containerd.internal.v1.opt\"..." type=io.containerd.internal.v1
time="2022-07-19T05:54:56.316252311Z" level=info msg="loading plugin \"io.containerd.grpc.v1.snapshots\"..." type=io.containerd.grpc.v1
time="2022-07-19T05:54:56.316973174Z" level=info msg="loading plugin \"io.containerd.grpc.v1.tasks\"..." type=io.containerd.grpc.v1
time="2022-07-19T05:54:56.317689280Z" level=info msg="loading plugin \"io.containerd.grpc.v1.version\"..." type=io.containerd.grpc.v1
time="2022-07-19T05:54:56.318401318Z" level=info msg="loading plugin \"io.containerd.grpc.v1.cri\"..." type=io.containerd.grpc.v1
time="2022-07-19T05:54:56.319264643Z" level=info msg="Start cri plugin with config {PluginConfig:{ContainerdConfig:{Snapshotter:overlayfs DefaultRuntimeName:runc DefaultRuntime:{Type: Engine: PodAnnotations:[] ContainerAnnotations:[] Root: Options:map[] PrivilegedWithoutHostDevices:false BaseRuntimeSpec:} UntrustedWorkloadRuntime:{Type: Engine: PodAnnotations:[] ContainerAnnotations:[] Root: Options:map[] PrivilegedWithoutHostDevices:false BaseRuntimeSpec:} Runtimes:map[runc:{Type:io.containerd.runc.v2 Engine: PodAnnotations:[] ContainerAnnotations:[] Root: Options:map[BinaryName: CriuImagePath: CriuPath: CriuWorkPath: IoGid:0 IoUid:0 NoNewKeyring:false NoPivotRoot:false Root: ShimCgroup: SystemdCgroup:false] PrivilegedWithoutHostDevices:false BaseRuntimeSpec:}] NoPivot:false DisableSnapshotAnnotations:true DiscardUnpackedLayers:false} CniConfig:{NetworkPluginBinDir:/opt/cni/bin NetworkPluginConfDir:/etc/cni/net.d NetworkPluginMaxConfNum:1 NetworkPluginConfTemplate:} Registry:{ConfigPath: Mirrors:map[] Configs:map[] Auths:map[] Headers:map[]} ImageDecryption:{KeyModel:node} DisableTCPService:true StreamServerAddress:127.0.0.1 StreamServerPort:0 StreamIdleTimeout:4h0m0s EnableSelinux:false SelinuxCategoryRange:1024 SandboxImage:k8s.gcr.io/pause:3.5 StatsCollectPeriod:10 SystemdCgroup:false EnableTLSStreaming:false X509KeyPairStreaming:{TLSCertFile: TLSKeyFile:} MaxContainerLogLineSize:16384 DisableCgroup:false DisableApparmor:false RestrictOOMScoreAdj:false MaxConcurrentDownloads:3 DisableProcMount:false UnsetSeccompProfile: TolerateMissingHugetlbController:true DisableHugetlbController:true IgnoreImageDefinedVolumes:false NetNSMountsUnderStateDir:false} ContainerdRootDir:/var/lib/containerd ContainerdEndpoint:/run/containerd/containerd.sock RootDir:/var/lib/containerd/io.containerd.grpc.v1.cri StateDir:/run/containerd/io.containerd.grpc.v1.cri}"
time="2022-07-19T05:54:56.319835047Z" level=info msg="Connect containerd service"
time="2022-07-19T05:54:56.321711241Z" level=info msg="Get image filesystem path \"/var/lib/containerd/io.containerd.snapshotter.v1.overlayfs\""
time="2022-07-19T05:54:56.340174840Z" level=error msg="failed to load cni during init, please check CRI plugin status before setting up network for pods" error="cni config load failed: no network config found in /etc/cni/net.d: cni plugin not initialized: failed to load cni config"
time="2022-07-19T05:54:56.341803928Z" level=info msg="loading plugin \"io.containerd.grpc.v1.introspection\"..." type=io.containerd.grpc.v1
time="2022-07-19T05:54:56.343076340Z" level=info msg="Start subscribing containerd event"
time="2022-07-19T05:54:56.347169555Z" level=info msg="Start recovering state"
time="2022-07-19T05:54:56.353008285Z" level=info msg="Start event monitor"
time="2022-07-19T05:54:56.354959705Z" level=info msg="Start snapshots syncer"
time="2022-07-19T05:54:56.356542918Z" level=info msg="Start cni network conf syncer"
time="2022-07-19T05:54:56.357937241Z" level=info msg="Start streaming server"
time="2022-07-19T05:54:56.387754730Z" level=info msg=serving... address=/run/containerd/containerd.sock.ttrpc
time="2022-07-19T05:54:56.430360282Z" level=info msg=serving... address=/run/containerd/containerd.sock
time="2022-07-19T05:54:56.432834832Z" level=info msg="containerd successfully booted in 0.372702s"
time="2022-07-19T05:55:05.874303747Z" level=info msg="Stop CRI service"
time="2022-07-19T05:55:05.917716946Z" level=info msg="Stop CRI service"
time="2022-07-19T05:55:05.924434566Z" level=info msg="Event monitor stopped"
