Reading object files: {GC 2117k}  {heap 880k}
Reading the symbol table:
Merging declarations: {GC 2117k}  {heap 880k}
Reading summaries: <odr> {GC 2117k}  {heap 880k} <profile_estimate> {GC 2117k}  {heap 880k} <icf> {GC 2117k}  {heap 880k} <fnsummary> {GC 2119k}  {heap 880k} <pure-const> {GC 2119k}  {heap 880k} <modref> {GC 2120k}  {heap 880k} {GC 2120k} 
Merging symbols: {heap 880k}Reading function bodies:
Performing interprocedural optimizations
 <odr> {heap 880k} <whole-program> {heap 880k} <profile_estimate> {heap 880k} <icf> {heap 880k} <devirt> {heap 880k} <cp> {heap 880k} <cdtor> {heap 880k} <fnsummary> {heap 880k} <inline> {heap 880k} <pure-const> {heap 880k} <modref> {heap 880k} <free-fnsummary> {heap 880k} <static-var> {heap 880k} <single-use> {heap 880k} <comdats> {heap 880k}Assembling functions:
 <simdclone> {heap 880k}
Time variable                                   usr           sys          wall           GGC
 phase setup                        :   0.00 (  0%)   0.00 (  0%)   0.01 (  8%)  2157k (100%)
 phase parsing                      :   0.00 (  0%)   0.00 (  0%)   0.01 (  8%)     0  (  0%)
 phase opt and generate             :   0.01 (100%)   0.02 (100%)   0.07 ( 54%)     0  (  0%)
 phase stream in                    :   0.00 (  0%)   0.00 (  0%)   0.04 ( 31%)  3048  (  0%)
 dump files                         :   0.00 (  0%)   0.00 (  0%)   0.01 (  8%)     0  (  0%)
 callgraph optimization             :   0.01 (100%)   0.02 (100%)   0.04 ( 31%)     0  (  0%)
 callgraph ipa passes               :   0.01 (100%)   0.02 (100%)   0.06 ( 46%)     0  (  0%)
 ipa ODR types                      :   0.00 (  0%)   0.00 (  0%)   0.01 (  8%)     0  (  0%)
 ipa lto decl in                    :   0.00 (  0%)   0.00 (  0%)   0.01 (  8%)    16  (  0%)
 lto                                :   0.00 (  0%)   0.00 (  0%)   0.01 (  8%)     0  (  0%)
 ipa free inline summary            :   0.00 (  0%)   0.00 (  0%)   0.01 (  8%)     0  (  0%)
 ipa modref                         :   0.00 (  0%)   0.00 (  0%)   0.01 (  8%)   368  (  0%)
 TOTAL                              :   0.01          0.02          0.13         2162k
