# Do you want system-wide readable home directories?
adduser	adduser/homedir-permission	boolean	false
# Do you want to add the group ?
base-passwd	base-passwd/group-add	boolean	
# Do you want to change the GID of group ?
base-passwd	base-passwd/group-change-gid	boolean	
# Do you want to move the group ?
base-passwd	base-passwd/group-move	boolean	
# Do you want to remove the group ?
base-passwd	base-passwd/group-remove	boolean	
# Do you want to add the user ?
base-passwd	base-passwd/user-add	boolean	
# Do you want to change the GECOS of user ?
base-passwd	base-passwd/user-change-gecos	boolean	
# Do you want to change the GID of user ?
base-passwd	base-passwd/user-change-gid	boolean	
# Do you want to change the home directory of user ?
base-passwd	base-passwd/user-change-home	boolean	
# Do you want to change the shell of user ?
base-passwd	base-passwd/user-change-shell	boolean	
# Do you want to change the UID of user ?
base-passwd	base-passwd/user-change-uid	boolean	
# Do you want to move the user ?
base-passwd	base-passwd/user-move	boolean	
# Do you want to remove the user ?
base-passwd	base-passwd/user-remove	boolean	
# Certificates to activate:
# Choices: mozilla/ACCVRAIZ1.crt, mozilla/AC_RAIZ_FNMT-RCM.crt, mozilla/AC_RAIZ_FNMT-RCM_SERVIDORES_SEGUROS.crt, mozilla/ANF_Secure_Server_Root_CA.crt, mozilla/Actalis_Authentication_Root_CA.crt, mozilla/AffirmTrust_Commercial.crt, mozilla/AffirmTrust_Networking.crt, mozilla/AffirmTrust_Premium.crt, mozilla/AffirmTrust_Premium_ECC.crt, mozilla/Amazon_Root_CA_1.crt, mozilla/Amazon_Root_CA_2.crt, mozilla/Amazon_Root_CA_3.crt, mozilla/Amazon_Root_CA_4.crt, mozilla/Atos_TrustedRoot_2011.crt, mozilla/Autoridad_de_Certificacion_Firmaprofesional_CIF_A62634068.crt, mozilla/Baltimore_CyberTrust_Root.crt, mozilla/Buypass_Class_2_Root_CA.crt, mozilla/Buypass_Class_3_Root_CA.crt, mozilla/CA_Disig_Root_R2.crt, mozilla/CFCA_EV_ROOT.crt, mozilla/COMODO_Certification_Authority.crt, mozilla/COMODO_ECC_Certification_Authority.crt, mozilla/COMODO_RSA_Certification_Authority.crt, mozilla/Certigna.crt, mozilla/Certigna_Root_CA.crt, mozilla/Certum_EC-384_CA.crt, mozilla/Certum_Trusted_Network_CA.crt, mozilla/Certum_Trusted_Network_CA_2.crt, mozilla/Certum_Trusted_Root_CA.crt, mozilla/Comodo_AAA_Services_root.crt, mozilla/Cybertrust_Global_Root.crt, mozilla/D-TRUST_Root_Class_3_CA_2_2009.crt, mozilla/D-TRUST_Root_Class_3_CA_2_EV_2009.crt, mozilla/DigiCert_Assured_ID_Root_CA.crt, mozilla/DigiCert_Assured_ID_Root_G2.crt, mozilla/DigiCert_Assured_ID_Root_G3.crt, mozilla/DigiCert_Global_Root_CA.crt, mozilla/DigiCert_Global_Root_G2.crt, mozilla/DigiCert_Global_Root_G3.crt, mozilla/DigiCert_High_Assurance_EV_Root_CA.crt, mozilla/DigiCert_Trusted_Root_G4.crt, mozilla/E-Tugra_Certification_Authority.crt, mozilla/EC-ACC.crt, mozilla/Entrust.net_Premium_2048_Secure_Server_CA.crt, mozilla/Entrust_Root_Certification_Authority.crt, mozilla/Entrust_Root_Certification_Authority_-_EC1.crt, mozilla/Entrust_Root_Certification_Authority_-_G2.crt, mozilla/Entrust_Root_Certification_Authority_-_G4.crt, mozilla/GDCA_TrustAUTH_R5_ROOT.crt, mozilla/GLOBALTRUST_2020.crt, mozilla/GTS_Root_R1.crt, mozilla/GTS_Root_R2.crt, mozilla/GTS_Root_R3.crt, mozilla/GTS_Root_R4.crt, mozilla/GlobalSign_ECC_Root_CA_-_R4.crt, mozilla/GlobalSign_ECC_Root_CA_-_R5.crt, mozilla/GlobalSign_Root_CA.crt, mozilla/GlobalSign_Root_CA_-_R2.crt, mozilla/GlobalSign_Root_CA_-_R3.crt, mozilla/GlobalSign_Root_CA_-_R6.crt, mozilla/GlobalSign_Root_E46.crt, mozilla/GlobalSign_Root_R46.crt, mozilla/Go_Daddy_Class_2_CA.crt, mozilla/Go_Daddy_Root_Certificate_Authority_-_G2.crt, mozilla/Hellenic_Academic_and_Research_Institutions_ECC_RootCA_2015.crt, mozilla/Hellenic_Academic_and_Research_Institutions_RootCA_2011.crt, mozilla/Hellenic_Academic_and_Research_Institutions_RootCA_2015.crt, mozilla/Hongkong_Post_Root_CA_1.crt, mozilla/Hongkong_Post_Root_CA_3.crt, mozilla/ISRG_Root_X1.crt, mozilla/IdenTrust_Commercial_Root_CA_1.crt, mozilla/IdenTrust_Public_Sector_Root_CA_1.crt, mozilla/Izenpe.com.crt, mozilla/Microsec_e-Szigno_Root_CA_2009.crt, mozilla/Microsoft_ECC_Root_Certificate_Authority_2017.crt, mozilla/Microsoft_RSA_Root_Certificate_Authority_2017.crt, mozilla/NAVER_Global_Root_Certification_Authority.crt, mozilla/NetLock_Arany_=Class_Gold=_Főtanúsítvány.crt, mozilla/Network_Solutions_Certificate_Authority.crt, mozilla/OISTE_WISeKey_Global_Root_GB_CA.crt, mozilla/OISTE_WISeKey_Global_Root_GC_CA.crt, mozilla/QuoVadis_Root_CA_1_G3.crt, mozilla/QuoVadis_Root_CA_2.crt, mozilla/QuoVadis_Root_CA_2_G3.crt, mozilla/QuoVadis_Root_CA_3.crt, mozilla/QuoVadis_Root_CA_3_G3.crt, mozilla/SSL.com_EV_Root_Certification_Authority_ECC.crt, mozilla/SSL.com_EV_Root_Certification_Authority_RSA_R2.crt, mozilla/SSL.com_Root_Certification_Authority_ECC.crt, mozilla/SSL.com_Root_Certification_Authority_RSA.crt, mozilla/SZAFIR_ROOT_CA2.crt, mozilla/SecureSign_RootCA11.crt, mozilla/SecureTrust_CA.crt, mozilla/Secure_Global_CA.crt, mozilla/Security_Communication_RootCA2.crt, mozilla/Security_Communication_Root_CA.crt, mozilla/Staat_der_Nederlanden_EV_Root_CA.crt, mozilla/Starfield_Class_2_CA.crt, mozilla/Starfield_Root_Certificate_Authority_-_G2.crt, mozilla/Starfield_Services_Root_Certificate_Authority_-_G2.crt, mozilla/SwissSign_Gold_CA_-_G2.crt, mozilla/SwissSign_Silver_CA_-_G2.crt, mozilla/T-TeleSec_GlobalRoot_Class_2.crt, mozilla/T-TeleSec_GlobalRoot_Class_3.crt, mozilla/TUBITAK_Kamu_SM_SSL_Kok_Sertifikasi_-_Surum_1.crt, mozilla/TWCA_Global_Root_CA.crt, mozilla/TWCA_Root_Certification_Authority.crt, mozilla/TeliaSonera_Root_CA_v1.crt, mozilla/TrustCor_ECA-1.crt, mozilla/TrustCor_RootCert_CA-1.crt, mozilla/TrustCor_RootCert_CA-2.crt, mozilla/Trustwave_Global_Certification_Authority.crt, mozilla/Trustwave_Global_ECC_P256_Certification_Authority.crt, mozilla/Trustwave_Global_ECC_P384_Certification_Authority.crt, mozilla/UCA_Extended_Validation_Root.crt, mozilla/UCA_Global_G2_Root.crt, mozilla/USERTrust_ECC_Certification_Authority.crt, mozilla/USERTrust_RSA_Certification_Authority.crt, mozilla/XRamp_Global_CA_Root.crt, mozilla/certSIGN_ROOT_CA.crt, mozilla/certSIGN_Root_CA_G2.crt, mozilla/e-Szigno_Root_CA_2017.crt, mozilla/ePKI_Root_Certification_Authority.crt, mozilla/emSign_ECC_Root_CA_-_C3.crt, mozilla/emSign_ECC_Root_CA_-_G3.crt, mozilla/emSign_Root_CA_-_C1.crt, mozilla/emSign_Root_CA_-_G1.crt
ca-certificates	ca-certificates/enable_crts	multiselect	mozilla/ACCVRAIZ1.crt, mozilla/AC_RAIZ_FNMT-RCM.crt, mozilla/AC_RAIZ_FNMT-RCM_SERVIDORES_SEGUROS.crt, mozilla/ANF_Secure_Server_Root_CA.crt, mozilla/Actalis_Authentication_Root_CA.crt, mozilla/AffirmTrust_Commercial.crt, mozilla/AffirmTrust_Networking.crt, mozilla/AffirmTrust_Premium.crt, mozilla/AffirmTrust_Premium_ECC.crt, mozilla/Amazon_Root_CA_1.crt, mozilla/Amazon_Root_CA_2.crt, mozilla/Amazon_Root_CA_3.crt, mozilla/Amazon_Root_CA_4.crt, mozilla/Atos_TrustedRoot_2011.crt, mozilla/Autoridad_de_Certificacion_Firmaprofesional_CIF_A62634068.crt, mozilla/Baltimore_CyberTrust_Root.crt, mozilla/Buypass_Class_2_Root_CA.crt, mozilla/Buypass_Class_3_Root_CA.crt, mozilla/CA_Disig_Root_R2.crt, mozilla/CFCA_EV_ROOT.crt, mozilla/COMODO_Certification_Authority.crt, mozilla/COMODO_ECC_Certification_Authority.crt, mozilla/COMODO_RSA_Certification_Authority.crt, mozilla/Certigna.crt, mozilla/Certigna_Root_CA.crt, mozilla/Certum_EC-384_CA.crt, mozilla/Certum_Trusted_Network_CA.crt, mozilla/Certum_Trusted_Network_CA_2.crt, mozilla/Certum_Trusted_Root_CA.crt, mozilla/Comodo_AAA_Services_root.crt, mozilla/Cybertrust_Global_Root.crt, mozilla/D-TRUST_Root_Class_3_CA_2_2009.crt, mozilla/D-TRUST_Root_Class_3_CA_2_EV_2009.crt, mozilla/DigiCert_Assured_ID_Root_CA.crt, mozilla/DigiCert_Assured_ID_Root_G2.crt, mozilla/DigiCert_Assured_ID_Root_G3.crt, mozilla/DigiCert_Global_Root_CA.crt, mozilla/DigiCert_Global_Root_G2.crt, mozilla/DigiCert_Global_Root_G3.crt, mozilla/DigiCert_High_Assurance_EV_Root_CA.crt, mozilla/DigiCert_Trusted_Root_G4.crt, mozilla/E-Tugra_Certification_Authority.crt, mozilla/EC-ACC.crt, mozilla/Entrust.net_Premium_2048_Secure_Server_CA.crt, mozilla/Entrust_Root_Certification_Authority.crt, mozilla/Entrust_Root_Certification_Authority_-_EC1.crt, mozilla/Entrust_Root_Certification_Authority_-_G2.crt, mozilla/Entrust_Root_Certification_Authority_-_G4.crt, mozilla/GDCA_TrustAUTH_R5_ROOT.crt, mozilla/GLOBALTRUST_2020.crt, mozilla/GTS_Root_R1.crt, mozilla/GTS_Root_R2.crt, mozilla/GTS_Root_R3.crt, mozilla/GTS_Root_R4.crt, mozilla/GlobalSign_ECC_Root_CA_-_R4.crt, mozilla/GlobalSign_ECC_Root_CA_-_R5.crt, mozilla/GlobalSign_Root_CA.crt, mozilla/GlobalSign_Root_CA_-_R2.crt, mozilla/GlobalSign_Root_CA_-_R3.crt, mozilla/GlobalSign_Root_CA_-_R6.crt, mozilla/GlobalSign_Root_E46.crt, mozilla/GlobalSign_Root_R46.crt, mozilla/Go_Daddy_Class_2_CA.crt, mozilla/Go_Daddy_Root_Certificate_Authority_-_G2.crt, mozilla/Hellenic_Academic_and_Research_Institutions_ECC_RootCA_2015.crt, mozilla/Hellenic_Academic_and_Research_Institutions_RootCA_2011.crt, mozilla/Hellenic_Academic_and_Research_Institutions_RootCA_2015.crt, mozilla/Hongkong_Post_Root_CA_1.crt, mozilla/Hongkong_Post_Root_CA_3.crt, mozilla/ISRG_Root_X1.crt, mozilla/IdenTrust_Commercial_Root_CA_1.crt, mozilla/IdenTrust_Public_Sector_Root_CA_1.crt, mozilla/Izenpe.com.crt, mozilla/Microsec_e-Szigno_Root_CA_2009.crt, mozilla/Microsoft_ECC_Root_Certificate_Authority_2017.crt, mozilla/Microsoft_RSA_Root_Certificate_Authority_2017.crt, mozilla/NAVER_Global_Root_Certification_Authority.crt, mozilla/NetLock_Arany_=Class_Gold=_Főtanúsítvány.crt, mozilla/Network_Solutions_Certificate_Authority.crt, mozilla/OISTE_WISeKey_Global_Root_GB_CA.crt, mozilla/OISTE_WISeKey_Global_Root_GC_CA.crt, mozilla/QuoVadis_Root_CA_1_G3.crt, mozilla/QuoVadis_Root_CA_2.crt, mozilla/QuoVadis_Root_CA_2_G3.crt, mozilla/QuoVadis_Root_CA_3.crt, mozilla/QuoVadis_Root_CA_3_G3.crt, mozilla/SSL.com_EV_Root_Certification_Authority_ECC.crt, mozilla/SSL.com_EV_Root_Certification_Authority_RSA_R2.crt, mozilla/SSL.com_Root_Certification_Authority_ECC.crt, mozilla/SSL.com_Root_Certification_Authority_RSA.crt, mozilla/SZAFIR_ROOT_CA2.crt, mozilla/SecureSign_RootCA11.crt, mozilla/SecureTrust_CA.crt, mozilla/Secure_Global_CA.crt, mozilla/Security_Communication_RootCA2.crt, mozilla/Security_Communication_Root_CA.crt, mozilla/Staat_der_Nederlanden_EV_Root_CA.crt, mozilla/Starfield_Class_2_CA.crt, mozilla/Starfield_Root_Certificate_Authority_-_G2.crt, mozilla/Starfield_Services_Root_Certificate_Authority_-_G2.crt, mozilla/SwissSign_Gold_CA_-_G2.crt, mozilla/SwissSign_Silver_CA_-_G2.crt, mozilla/T-TeleSec_GlobalRoot_Class_2.crt, mozilla/T-TeleSec_GlobalRoot_Class_3.crt, mozilla/TUBITAK_Kamu_SM_SSL_Kok_Sertifikasi_-_Surum_1.crt, mozilla/TWCA_Global_Root_CA.crt, mozilla/TWCA_Root_Certification_Authority.crt, mozilla/TeliaSonera_Root_CA_v1.crt, mozilla/TrustCor_ECA-1.crt, mozilla/TrustCor_RootCert_CA-1.crt, mozilla/TrustCor_RootCert_CA-2.crt, mozilla/Trustwave_Global_Certification_Authority.crt, mozilla/Trustwave_Global_ECC_P256_Certification_Authority.crt, mozilla/Trustwave_Global_ECC_P384_Certification_Authority.crt, mozilla/UCA_Extended_Validation_Root.crt, mozilla/UCA_Global_G2_Root.crt, mozilla/USERTrust_ECC_Certification_Authority.crt, mozilla/USERTrust_RSA_Certification_Authority.crt, mozilla/XRamp_Global_CA_Root.crt, mozilla/certSIGN_ROOT_CA.crt, mozilla/certSIGN_Root_CA_G2.crt, mozilla/e-Szigno_Root_CA_2017.crt, mozilla/ePKI_Root_Certification_Authority.crt, mozilla/emSign_ECC_Root_CA_-_C3.crt, mozilla/emSign_ECC_Root_CA_-_G3.crt, mozilla/emSign_Root_CA_-_C1.crt, mozilla/emSign_Root_CA_-_G1.crt
# New certificates to activate:
# Choices: 
ca-certificates	ca-certificates/new_crts	multiselect	
# Trust new certificates from certificate authorities?
# Choices: yes, no, ask
ca-certificates	ca-certificates/trust_new_crts	select	yes
# Interface to use:
# Choices: Newt, Text, None
cdebconf	cdebconf/frontend	select	newt
# GTK
cdebconf	cdebconf/frontend/gtk	string	
# Newt
cdebconf	cdebconf/frontend/newt	string	
# None
cdebconf	cdebconf/frontend/none	string	
# Text
cdebconf	cdebconf/frontend/text	string	
# Use dash as the default system shell (/bin/sh)?
dash	dash/sh	boolean	true
# Interface to use:
# Choices: Dialog, Readline, Gnome, Kde, Editor, Noninteractive
debconf	debconf/frontend	select	Dialog
# Ignore questions with a priority less than:
# Choices: critical, high, medium, low
debconf	debconf/priority	select	high
# xscreensaver and xlockmore must be restarted before upgrading
libc6	glibc/disable-screensaver	error	
libc6:amd64	glibc/disable-screensaver	error	
# Kernel version not supported
libc6	glibc/kernel-not-supported	note	
libc6:amd64	glibc/kernel-not-supported	note	
# Kernel must be upgraded
libc6	glibc/kernel-too-old	error	
libc6:amd64	glibc/kernel-too-old	error	
# Failure restarting some services for GNU libc upgrade
libc6	glibc/restart-failed	error	
libc6:amd64	glibc/restart-failed	error	
# Services to restart for GNU libc library upgrade:
libc6	glibc/restart-services	string	
libc6:amd64	glibc/restart-services	string	
# Do you want to upgrade glibc now?
libc6	glibc/upgrade	boolean	
libc6:amd64	glibc/upgrade	boolean	
# you are using pam_tally or pam_tally2 in your configuration
libpam-modules	libpam-modules/deprecate-tally	error	
# xscreensaver and xlockmore must be restarted before upgrading
libpam-modules	libpam-modules/disable-screensaver	error	
# PAM Profiles with Deprecated Modules Disabled
libpam-modules	libpam-modules/profiles-disabled	error	
# Incompatible PAM profiles selected.
libpam-runtime	libpam-runtime/conflicts	error	
# No PAM profiles have been selected.
libpam-runtime	libpam-runtime/no_profiles_chosen	error	
# Override local changes to /etc/pam.d/common-*?
libpam-runtime	libpam-runtime/override	boolean	false
# PAM profiles to enable:
# Choices: Unix authentication, Create home directory on login
libpam-runtime	libpam-runtime/profiles	multiselect	unix
# Failure restarting some services for PAM upgrade
libpam0g:amd64	libpam0g/restart-failed	error	
# Services to restart for PAM library upgrade:
libpam0g:amd64	libpam0g/restart-services	string	
# Display manager must be restarted manually
libpam0g:amd64	libpam0g/xdm-needs-restart	error	
# Restart services during package upgrades without asking?
libc6	libraries/restart-without-asking	boolean	
libc6:amd64	libraries/restart-without-asking	boolean	
libpam0g:amd64	libraries/restart-without-asking	boolean	
libssl3:amd64	libraries/restart-without-asking	boolean	
# Failure restarting some services for OpenSSL upgrade
libssl3:amd64	libssl3/restart-failed	error	
# Services to restart to make them use the new libraries:
libssl3:amd64	libssl3/restart-services	string	
