Initializing jdb ...
> Unrecognized command: '/usr/lib/jvm/java-17-openjdk-amd64/bin/jar'.  Try help...
> Unrecognized command: '/usr/lib/jvm/java-17-openjdk-amd64/bin/jarsigner'.  Try help...
> Unrecognized command: '/usr/lib/jvm/java-17-openjdk-amd64/bin/javac'.  Try help...
> Unrecognized command: '/usr/lib/jvm/java-17-openjdk-amd64/bin/javadoc'.  Try help...
> Unrecognized command: '/usr/lib/jvm/java-17-openjdk-amd64/bin/javap'.  Try help...
> Unrecognized command: '/usr/lib/jvm/java-17-openjdk-amd64/bin/jcmd'.  Try help...
> Unrecognized command: '/usr/lib/jvm/java-17-openjdk-amd64/bin/jdb'.  Try help...
> Unrecognized command: '/usr/lib/jvm/java-17-openjdk-amd64/bin/jdeprscan'.  Try help...
> Unrecognized command: '/usr/lib/jvm/java-17-openjdk-amd64/bin/jdeps'.  Try help...
> Unrecognized command: '/usr/lib/jvm/java-17-openjdk-amd64/bin/jfr'.  Try help...
> Unrecognized command: '/usr/lib/jvm/java-17-openjdk-amd64/bin/jhsdb'.  Try help...
> Unrecognized command: '/usr/lib/jvm/java-17-openjdk-amd64/bin/jimage'.  Try help...
> Unrecognized command: '/usr/lib/jvm/java-17-openjdk-amd64/bin/jinfo'.  Try help...
> Unrecognized command: '/usr/lib/jvm/java-17-openjdk-amd64/bin/jlink'.  Try help...
> Unrecognized command: '/usr/lib/jvm/java-17-openjdk-amd64/bin/jmap'.  Try help...
> Unrecognized command: '/usr/lib/jvm/java-17-openjdk-amd64/bin/jmod'.  Try help...
> Unrecognized command: '/usr/lib/jvm/java-17-openjdk-amd64/bin/jps'.  Try help...
> Unrecognized command: '/usr/lib/jvm/java-17-openjdk-amd64/bin/jrunscript'.  Try help...
> Unrecognized command: '/usr/lib/jvm/java-17-openjdk-amd64/bin/jshell'.  Try help...
> Unrecognized command: '/usr/lib/jvm/java-17-openjdk-amd64/bin/jstack'.  Try help...
> Unrecognized command: '/usr/lib/jvm/java-17-openjdk-amd64/bin/jstat'.  Try help...
> Unrecognized command: '/usr/lib/jvm/java-17-openjdk-amd64/bin/jstatd'.  Try help...
> Unrecognized command: '/usr/lib/jvm/java-17-openjdk-amd64/bin/serialver'.  Try help...
> Input stream closed.
