coreelements:  capsfilter: CapsFilter
coreelements:  clocksync: ClockSync
coreelements:  concat: Concat
coreelements:  dataurisrc: data: URI source element
coreelements:  downloadbuffer: DownloadBuffer
coreelements:  fakesink: Fake Sink
coreelements:  fakesrc: Fake Source
coreelements:  fdsink: Filedescriptor Sink
coreelements:  fdsrc: Filedescriptor Source
coreelements:  filesink: File Sink
coreelements:  filesrc: File Source
coreelements:  funnel: Funnel pipe fitting
coreelements:  identity: Identity
coreelements:  input-selector: Input selector
coreelements:  multiqueue: MultiQueue
coreelements:  output-selector: Output selector
coreelements:  queue: Queue
coreelements:  queue2: Queue 2
coreelements:  streamiddemux: Streamid Demux
coreelements:  tee: Tee pipe fitting
coreelements:  typefind: TypeFind
coreelements:  valve: Valve element
coretracers:  factories (GstTracerFactory)
coretracers:  latency (GstTracerFactory)
coretracers:  leaks (GstTracerFactory)
coretracers:  log (GstTracerFactory)
coretracers:  rusage (GstTracerFactory)
coretracers:  stats (GstTracerFactory)
staticelements:  bin: Generic bin
staticelements:  pipeline: Pipeline object

Total count: 3 plugins, 30 features
