usage: /usr/bin/bwrap [OPTIONS...] [--] COMMAND [ARGS...]

    --help                       Print this help
    --version                    Print version
    --args FD                    Parse NUL-separated args from FD
    --unshare-all                Unshare every namespace we support by default
    --share-net                  Retain the network namespace (can only combine with --unshare-all)
    --unshare-user               Create new user namespace (may be automatically implied if not setuid)
    --unshare-user-try           Create new user namespace if possible else continue by skipping it
    --unshare-ipc                Create new ipc namespace
    --unshare-pid                Create new pid namespace
    --unshare-net                Create new network namespace
    --unshare-uts                Create new uts namespace
    --unshare-cgroup             Create new cgroup namespace
    --unshare-cgroup-try         Create new cgroup namespace if possible else continue by skipping it
    --userns FD                  Use this user namespace (cannot combine with --unshare-user)
    --userns2 FD                 After setup switch to this user namespace, only useful with --userns
    --pidns FD                   Use this user namespace (as parent namespace if using --unshare-pid)
    --uid UID                    Custom uid in the sandbox (requires --unshare-user or --userns)
    --gid GID                    Custom gid in the sandbox (requires --unshare-user or --userns)
    --hostname NAME              Custom hostname in the sandbox (requires --unshare-uts)
    --chdir DIR                  Change directory to DIR
    --clearenv                   Unset all environment variables
    --setenv VAR VALUE           Set an environment variable
    --unsetenv VAR               Unset an environment variable
    --lock-file DEST             Take a lock on DEST while sandbox is running
    --sync-fd FD                 Keep this fd open while sandbox is running
    --bind SRC DEST              Bind mount the host path SRC on DEST
    --bind-try SRC DEST          Equal to --bind but ignores non-existent SRC
    --dev-bind SRC DEST          Bind mount the host path SRC on DEST, allowing device access
    --dev-bind-try SRC DEST      Equal to --dev-bind but ignores non-existent SRC
    --ro-bind SRC DEST           Bind mount the host path SRC readonly on DEST
    --ro-bind-try SRC DEST       Equal to --ro-bind but ignores non-existent SRC
    --remount-ro DEST            Remount DEST as readonly; does not recursively remount
    --exec-label LABEL           Exec label for the sandbox
    --file-label LABEL           File label for temporary sandbox content
    --proc DEST                  Mount new procfs on DEST
    --dev DEST                   Mount new dev on DEST
    --tmpfs DEST                 Mount new tmpfs on DEST
    --mqueue DEST                Mount new mqueue on DEST
    --dir DEST                   Create dir at DEST
    --file FD DEST               Copy from FD to destination DEST
    --bind-data FD DEST          Copy from FD to file which is bind-mounted on DEST
    --ro-bind-data FD DEST       Copy from FD to file which is readonly bind-mounted on DEST
    --symlink SRC DEST           Create symlink at DEST with target SRC
    --seccomp FD                 Load and use seccomp rules from FD (not repeatable)
    --add-seccomp FD             Load and use seccomp rules from FD (repeatable)
    --block-fd FD                Block on FD until some data to read is available
    --userns-block-fd FD         Block on FD until the user namespace is ready
    --info-fd FD                 Write information about the running container to FD
    --json-status-fd FD          Write container status to FD as multiple JSON documents
    --new-session                Create a new terminal session
    --die-with-parent            Kills with SIGKILL child process (COMMAND) when bwrap or bwrap's parent dies.
    --as-pid-1                   Do not install a reaper process with PID=1
    --cap-add CAP                Add cap CAP when running as privileged user
    --cap-drop CAP               Drop cap CAP when running as privileged user
    --perms OCTAL                Set permissions of next argument (--bind-data, --file, etc.)
    --chmod OCTAL PATH           Change permissions of PATH (must already exist)
