
; <<>> DiG 9.18.1-1ubuntu1.1-Ubuntu <<>>
;; global options: +cmd
;; Got answer:
;; ->>HEADER<<- opcode: QUERY, status: NOERROR, id: 25560
;; flags: qr rd ra ad; QUERY: 1, ANSWER: 13, AUTHORITY: 0, ADDITIONAL: 1

;; OPT PSEUDOSECTION:
; EDNS: version: 0, flags:; udp: 512
;; QUESTION SECTION:
;.				IN	NS

;; ANSWER SECTION:
.			73321	IN	NS	a.root-servers.net.
.			73321	IN	NS	b.root-servers.net.
.			73321	IN	NS	c.root-servers.net.
.			73321	IN	NS	d.root-servers.net.
.			73321	IN	NS	e.root-servers.net.
.			73321	IN	NS	f.root-servers.net.
.			73321	IN	NS	g.root-servers.net.
.			73321	IN	NS	h.root-servers.net.
.			73321	IN	NS	i.root-servers.net.
.			73321	IN	NS	j.root-servers.net.
.			73321	IN	NS	k.root-servers.net.
.			73321	IN	NS	l.root-servers.net.
.			73321	IN	NS	m.root-servers.net.

;; Query time: 19 msec
;; SERVER: 8.8.8.8#53(8.8.8.8) (UDP)
;; WHEN: Sun Jul 17 21:14:00 America 2022
;; MSG SIZE  rcvd: 239

