 <icuSystemParams type="icu4c">
    <param name="copyright"> Copyright (C) 2016 and later: Unicode, Inc. and others. License & terms of use: http://www.unicode.org/copyright.html </param>
    <param name="product">icu4c</param>
    <param name="product.full">International Components for Unicode for C/C++</param>
    <param name="version">70.1</param>
    <param name="version.unicode">14.0</param>
    <param name="platform.number">4000</param>
    <param name="platform.type">Linux</param>
    <param name="locale.default">en_US_POSIX</param>
    <param name="locale.default.bcp47">en-US-u-va-posix</param>
    <param name="converter.default">UTF-8</param>
    <param name="icudata.name">icudt70l</param>
    <param name="icudata.path"></param>
    <param name="cldr.version">40.0</param>
    <param name="tz.version">2021a3</param>
    <param name="tz.default">America/Los_Angeles</param>
    <param name="cpu.bits">64</param>
    <param name="cpu.big_endian">0</param>
    <param name="os.wchar_width">4</param>
    <param name="os.charset_family">0</param>
    <param name="os.host">x86_64-pc-linux-gnu</param>
    <param name="build.build">x86_64-pc-linux-gnu</param>
    <param name="build.cc">gcc</param>
    <param name="build.cxx">g++</param>
    <param name="uconfig.internal_digitlist">1</param>
    <param name="uconfig.have_parseallinput">1</param>
 </icuSystemParams>


ICU Initialization returned: U_ZERO_ERROR
