Usage: jarsigner [options] jar-file alias
       jarsigner -verify [options] jar-file [alias...]

[-keystore <url>]           keystore location

[-storepass <password>]     password for keystore integrity

[-storetype <type>]         keystore type

[-keypass <password>]       password for private key (if different)

[-certchain <file>]         name of alternative certchain file

[-sigfile <file>]           name of .SF/.DSA file

[-signedjar <file>]         name of signed JAR file

[-digestalg <algorithm>]    name of digest algorithm

[-sigalg <algorithm>]       name of signature algorithm

[-verify]                   verify a signed JAR file

[-verbose[:suboptions]]     verbose output when signing/verifying.
                            suboptions can be all, grouped or summary

[-certs]                    display certificates when verbose and verifying

[-revCheck]                 Enable certificate revocation check

[-tsa <url>]                location of the Timestamping Authority

[-tsacert <alias>]          public key certificate for Timestamping Authority

[-tsapolicyid <oid>]        TSAPolicyID for Timestamping Authority

[-tsadigestalg <algorithm>] algorithm of digest data in timestamping request

[-altsigner <class>]        class name of an alternative signing mechanism
                            (This option is deprecated and will be removed in a future release.)

[-altsignerpath <pathlist>] location of an alternative signing mechanism
                            (This option is deprecated and will be removed in a future release.)

[-internalsf]               include the .SF file inside the signature block

[-sectionsonly]             don't compute hash of entire manifest

[-protected]                keystore has protected authentication path

[-providerName <name>]      provider name

[-addprovider <name>        add security provider by name (e.g. SunPKCS11)
  [-providerArg <arg>]] ... configure argument for -addprovider

[-providerClass <class>     add security provider by fully-qualified class name
  [-providerArg <arg>]] ... configure argument for -providerClass

[-strict]                   treat warnings as errors

[-conf <url>]               specify a pre-configured options file

[-? -h --help]              Print this help message

