
#ifndef CPUM_DB_STANDALONE
/**
 * CPUID leaves for Intel(R) Core(TM) i7-1065G7 CPU @ 1.30GHz.
 */
static CPUMCPUIDLEAF const g_aCpuIdLeaves_Intel_Core_i7_1065G7[] = 
{
    { 0x00000000, 0x00000000, 0x00000000, 0x0000001b, 0x756e6547, 0x6c65746e, 0x49656e69, 0 },
    { 0x00000001, 0x00000000, 0x00000000, 0x000706e5, 0x06080800, 0xfffa3223, 0x1f8bfbff, 0 | CPUMCPUIDLEAF_F_CONTAINS_APIC_ID | CPUMCPUIDLEAF_F_CONTAINS_APIC },
    { 0x00000002, 0x00000000, 0x00000000, 0x00feff01, 0x000000f0, 0x00000000, 0x00000000, 0 },
    { 0x00000003, 0x00000000, 0x00000000, 0x00000000, 0x00000000, 0x00000000, 0x00000000, 0 },
    { 0x00000004, 0x00000000, UINT32_MAX, 0x0c004121, 0x02c0003f, 0x0000003f, 0x00000000, 0 },
    { 0x00000004, 0x00000001, UINT32_MAX, 0x0c004122, 0x01c0003f, 0x0000003f, 0x00000000, 0 },
    { 0x00000004, 0x00000002, UINT32_MAX, 0x0c004143, 0x01c0003f, 0x000003ff, 0x00000000, 0 },
    { 0x00000004, 0x00000003, UINT32_MAX, 0x0c01c163, 0x03c0003f, 0x00001fff, 0x00000002, 0 },
    { 0x00000004, 0x00000004, UINT32_MAX, 0x00000000, 0x00000000, 0x00000000, 0x00000000, 0 },
    { 0x00000005, 0x00000000, 0x00000000, 0x00000000, 0x00000000, 0x00000000, 0x00000000, 0 },
    { 0x00000006, 0x00000000, 0x00000000, 0x00000000, 0x00000000, 0x00000000, 0x00000000, 0 },
    { 0x00000007, 0x00000000, UINT32_MAX, 0x00000001, 0xf0bf27ab, 0x00405f46, 0xbc000010, 0 },
    { 0x00000007, 0x00000001, UINT32_MAX, 0x00000000, 0x00000000, 0x00000000, 0x00000000, 0 },
    { 0x00000008, 0x00000000, 0x00000000, 0x00000000, 0x00000000, 0x00000000, 0x00000000, 0 },
    { 0x00000009, 0x00000000, 0x00000000, 0x00000000, 0x00000000, 0x00000000, 0x00000000, 0 },
    { 0x0000000a, 0x00000000, 0x00000000, 0x00000000, 0x00000000, 0x00000000, 0x00000000, 0 },
    { 0x0000000b, 0x00000000, UINT32_MAX, 0x00000001, 0x00000002, 0x00000100, 0x00000006, 0 | CPUMCPUIDLEAF_F_INTEL_TOPOLOGY_SUBLEAVES | CPUMCPUIDLEAF_F_CONTAINS_APIC_ID },
    { 0x0000000b, 0x00000001, UINT32_MAX, 0x00000003, 0x00000008, 0x00000201, 0x00000006, 0 | CPUMCPUIDLEAF_F_INTEL_TOPOLOGY_SUBLEAVES | CPUMCPUIDLEAF_F_CONTAINS_APIC_ID },
    { 0x0000000b, 0x00000002, UINT32_MAX, 0x00000000, 0x00000000, 0x00000002, 0x00000006, 0 | CPUMCPUIDLEAF_F_INTEL_TOPOLOGY_SUBLEAVES | CPUMCPUIDLEAF_F_CONTAINS_APIC_ID },
    { 0x0000000c, 0x00000000, 0x00000000, 0x00000000, 0x00000000, 0x00000000, 0x00000000, 0 },
    { 0x0000000d, 0x00000000, UINT32_MAX, 0x000000e7, 0x00000a80, 0x00000a80, 0x00000000, 0 },
    { 0x0000000d, 0x00000001, UINT32_MAX, 0x0000000f, 0x00000980, 0x00000000, 0x00000000, 0 },
    { 0x0000000d, 0x00000002, UINT32_MAX, 0x00000100, 0x00000240, 0x00000000, 0x00000000, 0 },
    { 0x0000000d, 0x00000003, UINT32_MAX, 0x00000000, 0x00000000, 0x00000000, 0x00000000, 0 },
    { 0x0000000d, 0x00000004, UINT32_MAX, 0x00000000, 0x00000000, 0x00000000, 0x00000000, 0 },
    { 0x0000000d, 0x00000005, UINT32_MAX, 0x00000040, 0x00000440, 0x00000000, 0x00000000, 0 },
    { 0x0000000d, 0x00000006, UINT32_MAX, 0x00000200, 0x00000480, 0x00000000, 0x00000000, 0 },
    { 0x0000000d, 0x00000007, UINT32_MAX, 0x00000400, 0x00000680, 0x00000000, 0x00000000, 0 },
    { 0x0000000d, 0x00000008, UINT32_MAX, 0x00000000, 0x00000000, 0x00000000, 0x00000000, 0 },
    { 0x0000000e, 0x00000000, 0x00000000, 0x00000000, 0x00000000, 0x00000000, 0x00000000, 0 },
    { 0x0000000f, 0x00000000, 0x00000000, 0x00000000, 0x00000000, 0x00000000, 0x00000000, 0 },
    { 0x00000010, 0x00000000, 0x00000000, 0x00000000, 0x00000000, 0x00000000, 0x00000000, 0 },
    { 0x00000011, 0x00000000, 0x00000000, 0x00000000, 0x00000000, 0x00000000, 0x00000000, 0 },
    { 0x00000012, 0x00000000, 0x00000000, 0x00000000, 0x00000000, 0x00000000, 0x00000000, 0 },
    { 0x00000013, 0x00000000, 0x00000000, 0x00000000, 0x00000000, 0x00000000, 0x00000000, 0 },
    { 0x00000014, 0x00000000, 0x00000000, 0x00000000, 0x00000000, 0x00000000, 0x00000000, 0 },
    { 0x00000015, 0x00000000, 0x00000000, 0x00000000, 0x00000000, 0x00000000, 0x00000000, 0 },
    { 0x00000016, 0x00000000, 0x00000000, 0x00000000, 0x00000000, 0x00000000, 0x00000000, 0 },
    { 0x00000017, 0x00000000, 0x00000000, 0x00000000, 0x00000000, 0x00000000, 0x00000000, 0 },
    { 0x00000018, 0x00000000, 0x00000000, 0x00000000, 0x00000000, 0x00000000, 0x00000000, 0 },
    { 0x00000019, 0x00000000, 0x00000000, 0x00000000, 0x00000000, 0x00000000, 0x00000000, 0 },
    { 0x0000001a, 0x00000000, 0x00000000, 0x00000000, 0x00000000, 0x00000000, 0x00000000, 0 },
    { 0x0000001b, 0x00000000, 0x00000000, 0x00000000, 0x00000000, 0x00000000, 0x00000000, 0 },
    { 0x40000000, 0x00000000, 0x00000000, 0x4000000b, 0x7263694d, 0x666f736f, 0x76482074, 0 },
    { 0x40000001, 0x00000000, 0x00000000, 0x31237648, 0x00000000, 0x00000000, 0x00000000, 0 },
    { 0x40000002, 0x00000000, 0x00000000, 0x000055f0, 0x000a0000, 0x00000000, 0x0000031b, 0 },
    { 0x40000003, 0x00000000, 0x00000000, 0x0000ae7f, 0x003b8030, 0x00000002, 0xe0bed7b2, 0 },
    { 0x40000004, 0x00000000, 0x00000000, 0x000a4e24, 0x00000fff, 0x0000002e, 0x00000000, 0 },
    { 0x40000005, 0x00000000, 0x00000000, 0x00000400, 0x00000400, 0x000005d0, 0x00000000, 0 },
    { 0x40000006, 0x00000000, 0x00000000, 0x0000000f, 0x00000000, 0x00000000, 0x00000000, 0 },
    { 0x40000007, 0x00000000, 0x00000000, 0x00000000, 0x00000000, 0x00000000, 0x00000000, 0 },
    { 0x40000008, 0x00000000, 0x00000000, 0x00000000, 0x00000000, 0x00000000, 0x00000000, 0 },
    { 0x40000009, 0x00000000, 0x00000000, 0x00000000, 0x00000000, 0x00000000, 0x00000000, 0 },
    { 0x4000000a, 0x00000000, 0x00000000, 0x003e0101, 0x00000001, 0x00000000, 0x00000000, 0 },
    { 0x4000000b, 0x00000000, 0x00000000, 0x00000000, 0x00000000, 0x00000000, 0x00000000, 0 },
    { 0x80000000, 0x00000000, 0x00000000, 0x80000008, 0x00000000, 0x00000000, 0x00000000, 0 },
    { 0x80000001, 0x00000000, 0x00000000, 0x00000000, 0x00000000, 0x00000121, 0x2c100800, 0 },
    { 0x80000002, 0x00000000, 0x00000000, 0x65746e49, 0x2952286c, 0x726f4320, 0x4d542865, 0 },
    { 0x80000003, 0x00000000, 0x00000000, 0x37692029, 0x3630312d, 0x20374735, 0x20555043, 0 },
    { 0x80000004, 0x00000000, 0x00000000, 0x2e312040, 0x48473033, 0x0000007a, 0x00000000, 0 },
    { 0x80000005, 0x00000000, 0x00000000, 0x00000000, 0x00000000, 0x00000000, 0x00000000, 0 },
    { 0x80000006, 0x00000000, 0x00000000, 0x00000000, 0x00000000, 0x01006040, 0x00000000, 0 },
    { 0x80000007, 0x00000000, 0x00000000, 0x00000000, 0x00000000, 0x00000000, 0x00000100, 0 },
    { 0x80000008, 0x00000000, 0x00000000, 0x00003027, 0x00000000, 0x00000000, 0x00000000, 0 },
};
#endif /* !CPUM_DB_STANDALONE */


/**
 * Database entry for Intel(R) Core(TM) i7-1065G7 CPU @ 1.30GHz.
 */
static CPUMDBENTRY const g_Entry_Intel_Core_i7_1065G7 = 
{
    /*.pszName          = */ "Intel Core i7-1065G7",
    /*.pszFullName      = */ "Intel(R) Core(TM) i7-1065G7 CPU @ 1.30GHz",
    /*.enmVendor        = */ CPUMCPUVENDOR_INTEL,
    /*.uFamily          = */ 6,
    /*.uModel           = */ 126,
    /*.uStepping        = */ 5,
    /*.enmMicroarch     = */ kCpumMicroarch_Intel_Core7_IceLake,
    /*.uScalableBusFreq = */ CPUM_SBUSFREQ_UNKNOWN,
    /*.fFlags           = */ 0,
    /*.cMaxPhysAddrWidth= */ 39,
    /*.fMxCsrMask       = */ 0x0000ffff,
    /*.paCpuIdLeaves    = */ NULL_ALONE(g_aCpuIdLeaves_Intel_Core_i7_1065G7),
    /*.cCpuIdLeaves     = */ ZERO_ALONE(RT_ELEMENTS(g_aCpuIdLeaves_Intel_Core_i7_1065G7)),
    /*.enmUnknownCpuId  = */ CPUMUNKNOWNCPUID_LAST_STD_LEAF,
    /*.DefUnknownCpuId  = */ { 0x00000000, 0x00000000, 0x00000000, 0x00000000 },
    /*.fMsrMask         = */ UINT32_MAX /** @todo */,
    /*.cMsrRanges       = */ ZERO_ALONE(RT_ELEMENTS(g_aMsrRanges_Intel_Core_i7_1065G7)),
    /*.paMsrRanges      = */ NULL_ALONE(g_aMsrRanges_Intel_Core_i7_1065G7),
};

#endif /* !VBOX_CPUDB_Intel_Core_i7_1065G7_h */

