Number of active transactions: 0;
Number of committed transactions: 0;
Number of aborted transactions: 0;
Number of prepared transactions: 0;
Total number of checkpoint: 0;
Total number of non-transactional updates: 0;
Total number of unknown log records: 0;
Total number of app-specific log record: 0;
The number of each type of log record:

	__dbreg_register : 0;

	__txn_regop : 0;

	__txn_ckp : 0;

	__txn_child : 0;

	__txn_prepare : 0;

	__txn_recycle : 0;

	__ham_insdel : 0;

	__ham_newpage : 0;

	__ham_splitdata : 0;

	__ham_replace : 0;

	__ham_copypage : 0;

	__ham_metagroup : 0;

	__ham_groupalloc : 0;

	__ham_curadj : 0;

	__ham_chgpg : 0;

	__ham_changeslot : 0;

	__db_realloc : 0;

	__ham_contract : 0;

	__db_addrem : 0;

	__db_big : 0;

	__db_ovref : 0;

	__db_relink_42 : 0;

	__db_debug : 0;

	__db_noop : 0;

	__db_pg_alloc : 0;

	__db_pg_free : 0;

	__db_cksum : 0;

	__db_pg_freedata : 0;

	__bam_adj : 0;

	__bam_cadjust : 0;

	__bam_cdel : 0;

	__bam_repl : 0;

	__bam_root : 0;

	__db_pg_init : 0;

	__db_pg_sort_44 : 0;

	__bam_split : 0;

	__bam_rsplit : 0;

	__bam_curadj : 0;

	__bam_rcuradj : 0;

	__db_pg_trunc : 0;

	__bam_irep : 0;

	__qam_del : 0;

	__qam_add : 0;

	__qam_delext : 0;

	__qam_incfirst : 0;

	__qam_mvptr : 0;

	__crdel_inmem_create : 0;

	__crdel_inmem_rename : 0;

	__crdel_inmem_remove : 0;

	__fop_file_remove : 0;

	__crdel_metasub : 0;

	__fop_create : 0;

	__fop_remove : 0;

	__fop_write : 0;

	__fop_rename : 0;

	__db_relink : 0;

	__db_merge : 0;

	__db_pgno : 0;

	__fop_rename_noundo : 0;
BDB2504 Log verification ended and SUCCEEDED.
